2025-08-01 09:44:57 [http-nio-9090-exec-1] DEBUG org.springframework.security.web.FilterChainProxy - Securing GET /api/ticket/36
2025-08-01 09:44:57 [http-nio-9090-exec-1] DEBUG o.s.s.web.context.SecurityContextPersistenceFilter - Set SecurityContextHolder to empty SecurityContext
2025-08-01 09:44:58 [http-nio-9090-exec-1] DEBUG o.s.s.w.access.intercept.FilterSecurityInterceptor - Authorized filter invocation [GET /api/ticket/36] with attributes [authenticated]
2025-08-01 09:44:58 [http-nio-9090-exec-1] DEBUG org.springframework.security.web.FilterChainProxy - Secured GET /api/ticket/36
2025-08-01 09:44:58 [http-nio-9090-exec-1] DEBUG c.e.configcenter.interceptor.ContextInterceptor - Set user email from cookie: admin@example.com
2025-08-01 09:44:58 [http-nio-9090-exec-1] DEBUG c.e.configcenter.interceptor.ContextInterceptor - Context set for request: /config-center/api/ticket/36
2025-08-01 09:44:58 [http-nio-9090-exec-1] INFO  c.example.configcenter.controller.TicketController - 获取工单详情，ID：36
2025-08-01 09:44:58 [http-nio-9090-exec-1] DEBUG c.e.configcenter.interceptor.ContextInterceptor - Context cleaned for request: /config-center/api/ticket/36
2025-08-01 09:44:58 [http-nio-9090-exec-1] DEBUG o.s.s.web.context.SecurityContextPersistenceFilter - Cleared SecurityContextHolder to complete request
2025-08-01 09:45:19 [http-nio-9090-exec-2] DEBUG org.springframework.security.web.FilterChainProxy - Securing GET /api/config/10/subscribers?ticketId=36
2025-08-01 09:45:19 [http-nio-9090-exec-2] DEBUG o.s.s.web.context.SecurityContextPersistenceFilter - Set SecurityContextHolder to empty SecurityContext
2025-08-01 09:45:20 [http-nio-9090-exec-2] DEBUG o.s.s.w.access.intercept.FilterSecurityInterceptor - Authorized filter invocation [GET /api/config/10/subscribers?ticketId=36] with attributes [authenticated]
2025-08-01 09:45:20 [http-nio-9090-exec-2] DEBUG org.springframework.security.web.FilterChainProxy - Secured GET /api/config/10/subscribers?ticketId=36
2025-08-01 09:45:20 [http-nio-9090-exec-2] DEBUG c.e.configcenter.interceptor.ContextInterceptor - Set user email from cookie: admin@example.com
2025-08-01 09:45:20 [http-nio-9090-exec-2] DEBUG c.e.configcenter.interceptor.ContextInterceptor - Context set for request: /config-center/api/config/10/subscribers
2025-08-01 09:45:20 [http-nio-9090-exec-2] INFO  c.example.configcenter.controller.ConfigController - 查询订阅机器列表: id=10
2025-08-01 09:45:20 [http-nio-9090-exec-2] ERROR c.example.configcenter.controller.ConfigController - 获取订阅机器列表失败: id=10
java.lang.IllegalArgumentException: JSON转换失败: {"ip":"172.20.0.5","configValue":"{ "id":0, "name":"wlc-test" }
","version":1753958896058,"lastUpdateTime":1753959107190,"status":"Running"}
	at com.example.configcenter.utils.JsonUtil.jsonToObject(JsonUtil.java:37)
	at com.example.configcenter.service.impl.MachineConfigSubscriptionServiceImpl.getSubscribedMachines(MachineConfigSubscriptionServiceImpl.java:77)
	at com.example.configcenter.controller.ConfigController.getSubscribedContainers(ConfigController.java:168)
	at com.example.configcenter.controller.ConfigController$$FastClassBySpringCGLIB$$b3e022a.invoke(<generated>)
	at org.springframework.cglib.proxy.MethodProxy.invoke(MethodProxy.java:218)
	at org.springframework.aop.framework.CglibAopProxy.invokeMethod(CglibAopProxy.java:386)
	at org.springframework.aop.framework.CglibAopProxy.access$000(CglibAopProxy.java:85)
	at org.springframework.aop.framework.CglibAopProxy$DynamicAdvisedInterceptor.intercept(CglibAopProxy.java:704)
	at com.example.configcenter.controller.ConfigController$$EnhancerBySpringCGLIB$$6bab1363.getSubscribedContainers(<generated>)
	at java.base/jdk.internal.reflect.NativeMethodAccessorImpl.invoke0(Native Method)
	at java.base/jdk.internal.reflect.NativeMethodAccessorImpl.invoke(NativeMethodAccessorImpl.java:77)
	at java.base/jdk.internal.reflect.DelegatingMethodAccessorImpl.invoke(DelegatingMethodAccessorImpl.java:43)
	at java.base/java.lang.reflect.Method.invoke(Method.java:569)
	at org.springframework.web.method.support.InvocableHandlerMethod.doInvoke(InvocableHandlerMethod.java:205)
	at org.springframework.web.method.support.InvocableHandlerMethod.invokeForRequest(InvocableHandlerMethod.java:150)
	at org.springframework.web.servlet.mvc.method.annotation.ServletInvocableHandlerMethod.invokeAndHandle(ServletInvocableHandlerMethod.java:117)
	at org.springframework.web.servlet.mvc.method.annotation.RequestMappingHandlerAdapter.invokeHandlerMethod(RequestMappingHandlerAdapter.java:895)
	at org.springframework.web.servlet.mvc.method.annotation.RequestMappingHandlerAdapter.handleInternal(RequestMappingHandlerAdapter.java:808)
	at org.springframework.web.servlet.mvc.method.AbstractHandlerMethodAdapter.handle(AbstractHandlerMethodAdapter.java:87)
	at org.springframework.web.servlet.DispatcherServlet.doDispatch(DispatcherServlet.java:1072)
	at org.springframework.web.servlet.DispatcherServlet.doService(DispatcherServlet.java:965)
	at org.springframework.web.servlet.FrameworkServlet.processRequest(FrameworkServlet.java:1006)
	at org.springframework.web.servlet.FrameworkServlet.doGet(FrameworkServlet.java:898)
	at javax.servlet.http.HttpServlet.service(HttpServlet.java:529)
	at org.springframework.web.servlet.FrameworkServlet.service(FrameworkServlet.java:883)
	at javax.servlet.http.HttpServlet.service(HttpServlet.java:623)
	at org.apache.catalina.core.ApplicationFilterChain.internalDoFilter(ApplicationFilterChain.java:209)
	at org.apache.catalina.core.ApplicationFilterChain.doFilter(ApplicationFilterChain.java:153)
	at org.apache.tomcat.websocket.server.WsFilter.doFilter(WsFilter.java:51)
	at org.apache.catalina.core.ApplicationFilterChain.internalDoFilter(ApplicationFilterChain.java:178)
	at org.apache.catalina.core.ApplicationFilterChain.doFilter(ApplicationFilterChain.java:153)
	at org.springframework.web.filter.OncePerRequestFilter.doFilter(OncePerRequestFilter.java:111)
	at org.apache.catalina.core.ApplicationFilterChain.internalDoFilter(ApplicationFilterChain.java:178)
	at org.apache.catalina.core.ApplicationFilterChain.doFilter(ApplicationFilterChain.java:153)
	at org.springframework.security.web.FilterChainProxy$VirtualFilterChain.doFilter(FilterChainProxy.java:337)
	at org.springframework.security.web.access.intercept.FilterSecurityInterceptor.invoke(FilterSecurityInterceptor.java:115)
	at org.springframework.security.web.access.intercept.FilterSecurityInterceptor.doFilter(FilterSecurityInterceptor.java:81)
	at org.springframework.security.web.FilterChainProxy$VirtualFilterChain.doFilter(FilterChainProxy.java:346)
	at org.springframework.security.web.access.ExceptionTranslationFilter.doFilter(ExceptionTranslationFilter.java:122)
	at org.springframework.security.web.access.ExceptionTranslationFilter.doFilter(ExceptionTranslationFilter.java:116)
	at org.springframework.security.web.FilterChainProxy$VirtualFilterChain.doFilter(FilterChainProxy.java:346)
	at org.springframework.security.web.session.SessionManagementFilter.doFilter(SessionManagementFilter.java:126)
	at org.springframework.security.web.session.SessionManagementFilter.doFilter(SessionManagementFilter.java:81)
	at org.springframework.security.web.FilterChainProxy$VirtualFilterChain.doFilter(FilterChainProxy.java:346)
	at org.springframework.security.web.authentication.AnonymousAuthenticationFilter.doFilter(AnonymousAuthenticationFilter.java:109)
	at org.springframework.security.web.FilterChainProxy$VirtualFilterChain.doFilter(FilterChainProxy.java:346)
	at org.springframework.security.web.servletapi.SecurityContextHolderAwareRequestFilter.doFilter(SecurityContextHolderAwareRequestFilter.java:149)
	at org.springframework.security.web.FilterChainProxy$VirtualFilterChain.doFilter(FilterChainProxy.java:346)
	at org.springframework.security.web.savedrequest.RequestCacheAwareFilter.doFilter(RequestCacheAwareFilter.java:63)
	at org.springframework.security.web.FilterChainProxy$VirtualFilterChain.doFilter(FilterChainProxy.java:346)
	at com.example.configcenter.security.JwtAuthenticationFilter.doFilterInternal(JwtAuthenticationFilter.java:56)
	at org.springframework.web.filter.OncePerRequestFilter.doFilter(OncePerRequestFilter.java:117)
	at org.springframework.security.web.FilterChainProxy$VirtualFilterChain.doFilter(FilterChainProxy.java:346)
	at org.springframework.security.web.authentication.logout.LogoutFilter.doFilter(LogoutFilter.java:103)
	at org.springframework.security.web.authentication.logout.LogoutFilter.doFilter(LogoutFilter.java:89)
	at org.springframework.security.web.FilterChainProxy$VirtualFilterChain.doFilter(FilterChainProxy.java:346)
	at org.springframework.web.filter.CorsFilter.doFilterInternal(CorsFilter.java:91)
	at org.springframework.web.filter.OncePerRequestFilter.doFilter(OncePerRequestFilter.java:117)
	at org.springframework.security.web.FilterChainProxy$VirtualFilterChain.doFilter(FilterChainProxy.java:346)
	at org.springframework.security.web.header.HeaderWriterFilter.doHeadersAfter(HeaderWriterFilter.java:90)
	at org.springframework.security.web.header.HeaderWriterFilter.doFilterInternal(HeaderWriterFilter.java:75)
	at org.springframework.web.filter.OncePerRequestFilter.doFilter(OncePerRequestFilter.java:117)
	at org.springframework.security.web.FilterChainProxy$VirtualFilterChain.doFilter(FilterChainProxy.java:346)
	at org.springframework.security.web.context.SecurityContextPersistenceFilter.doFilter(SecurityContextPersistenceFilter.java:112)
	at org.springframework.security.web.context.SecurityContextPersistenceFilter.doFilter(SecurityContextPersistenceFilter.java:82)
	at org.springframework.security.web.FilterChainProxy$VirtualFilterChain.doFilter(FilterChainProxy.java:346)
	at org.springframework.security.web.context.request.async.WebAsyncManagerIntegrationFilter.doFilterInternal(WebAsyncManagerIntegrationFilter.java:55)
	at org.springframework.web.filter.OncePerRequestFilter.doFilter(OncePerRequestFilter.java:117)
	at org.springframework.security.web.FilterChainProxy$VirtualFilterChain.doFilter(FilterChainProxy.java:346)
	at org.springframework.security.web.session.DisableEncodeUrlFilter.doFilterInternal(DisableEncodeUrlFilter.java:42)
	at org.springframework.web.filter.OncePerRequestFilter.doFilter(OncePerRequestFilter.java:117)
	at org.springframework.security.web.FilterChainProxy$VirtualFilterChain.doFilter(FilterChainProxy.java:346)
	at org.springframework.security.web.FilterChainProxy.doFilterInternal(FilterChainProxy.java:221)
	at org.springframework.security.web.FilterChainProxy.doFilter(FilterChainProxy.java:186)
	at org.springframework.web.filter.DelegatingFilterProxy.invokeDelegate(DelegatingFilterProxy.java:354)
	at org.springframework.web.filter.DelegatingFilterProxy.doFilter(DelegatingFilterProxy.java:267)
	at org.apache.catalina.core.ApplicationFilterChain.internalDoFilter(ApplicationFilterChain.java:178)
	at org.apache.catalina.core.ApplicationFilterChain.doFilter(ApplicationFilterChain.java:153)
	at org.springframework.web.filter.RequestContextFilter.doFilterInternal(RequestContextFilter.java:100)
	at org.springframework.web.filter.OncePerRequestFilter.doFilter(OncePerRequestFilter.java:117)
	at org.apache.catalina.core.ApplicationFilterChain.internalDoFilter(ApplicationFilterChain.java:178)
	at org.apache.catalina.core.ApplicationFilterChain.doFilter(ApplicationFilterChain.java:153)
	at org.springframework.web.filter.FormContentFilter.doFilterInternal(FormContentFilter.java:93)
	at org.springframework.web.filter.OncePerRequestFilter.doFilter(OncePerRequestFilter.java:117)
	at org.apache.catalina.core.ApplicationFilterChain.internalDoFilter(ApplicationFilterChain.java:178)
	at org.apache.catalina.core.ApplicationFilterChain.doFilter(ApplicationFilterChain.java:153)
	at org.springframework.boot.actuate.metrics.web.servlet.WebMvcMetricsFilter.doFilterInternal(WebMvcMetricsFilter.java:96)
	at org.springframework.web.filter.OncePerRequestFilter.doFilter(OncePerRequestFilter.java:117)
	at org.apache.catalina.core.ApplicationFilterChain.internalDoFilter(ApplicationFilterChain.java:178)
	at org.apache.catalina.core.ApplicationFilterChain.doFilter(ApplicationFilterChain.java:153)
	at org.springframework.web.filter.CharacterEncodingFilter.doFilterInternal(CharacterEncodingFilter.java:201)
	at org.springframework.web.filter.OncePerRequestFilter.doFilter(OncePerRequestFilter.java:117)
	at org.apache.catalina.core.ApplicationFilterChain.internalDoFilter(ApplicationFilterChain.java:178)
	at org.apache.catalina.core.ApplicationFilterChain.doFilter(ApplicationFilterChain.java:153)
	at org.apache.catalina.core.StandardWrapperValve.invoke(StandardWrapperValve.java:167)
	at org.apache.catalina.core.StandardContextValve.invoke(StandardContextValve.java:90)
	at org.apache.catalina.authenticator.AuthenticatorBase.invoke(AuthenticatorBase.java:481)
	at org.apache.catalina.core.StandardHostValve.invoke(StandardHostValve.java:130)
	at org.apache.catalina.valves.ErrorReportValve.invoke(ErrorReportValve.java:93)
	at org.apache.catalina.core.StandardEngineValve.invoke(StandardEngineValve.java:74)
	at org.apache.catalina.connector.CoyoteAdapter.service(CoyoteAdapter.java:343)
	at org.apache.coyote.http11.Http11Processor.service(Http11Processor.java:390)
	at org.apache.coyote.AbstractProcessorLight.process(AbstractProcessorLight.java:63)
	at org.apache.coyote.AbstractProtocol$ConnectionHandler.process(AbstractProtocol.java:926)
	at org.apache.tomcat.util.net.NioEndpoint$SocketProcessor.doRun(NioEndpoint.java:1791)
	at org.apache.tomcat.util.net.SocketProcessorBase.run(SocketProcessorBase.java:52)
	at org.apache.tomcat.util.threads.ThreadPoolExecutor.runWorker(ThreadPoolExecutor.java:1191)
	at org.apache.tomcat.util.threads.ThreadPoolExecutor$Worker.run(ThreadPoolExecutor.java:659)
	at org.apache.tomcat.util.threads.TaskThread$WrappingRunnable.run(TaskThread.java:61)
	at java.base/java.lang.Thread.run(Thread.java:840)
Caused by: com.fasterxml.jackson.core.JsonParseException: Unexpected character ('i' (code 105)): was expecting comma to separate Object entries
 at [Source: (String)"{"ip":"172.20.0.5","configValue":"{ "id":0, "name":"wlc-test" }
","version":1753958896058,"lastUpdateTime":1753959107190,"status":"Running"}"; line: 1, column: 39]
	at com.fasterxml.jackson.core.JsonParser._constructError(JsonParser.java:2391)
	at com.fasterxml.jackson.core.base.ParserMinimalBase._reportError(ParserMinimalBase.java:735)
	at com.fasterxml.jackson.core.base.ParserMinimalBase._reportUnexpectedChar(ParserMinimalBase.java:659)
	at com.fasterxml.jackson.core.json.ReaderBasedJsonParser._skipComma(ReaderBasedJsonParser.java:2382)
	at com.fasterxml.jackson.core.json.ReaderBasedJsonParser.nextFieldName(ReaderBasedJsonParser.java:947)
	at com.fasterxml.jackson.databind.deser.BeanDeserializer.vanillaDeserialize(BeanDeserializer.java:321)
	at com.fasterxml.jackson.databind.deser.BeanDeserializer.deserialize(BeanDeserializer.java:177)
	at com.fasterxml.jackson.databind.deser.DefaultDeserializationContext.readRootValue(DefaultDeserializationContext.java:323)
	at com.fasterxml.jackson.databind.ObjectMapper._readMapAndClose(ObjectMapper.java:4674)
	at com.fasterxml.jackson.databind.ObjectMapper.readValue(ObjectMapper.java:3629)
	at com.fasterxml.jackson.databind.ObjectMapper.readValue(ObjectMapper.java:3597)
	at com.example.configcenter.utils.JsonUtil.jsonToObject(JsonUtil.java:35)
	... 109 common frames omitted
2025-08-01 09:45:20 [http-nio-9090-exec-2] DEBUG c.e.configcenter.interceptor.ContextInterceptor - Context cleaned for request: /config-center/api/config/10/subscribers
2025-08-01 09:45:20 [http-nio-9090-exec-2] DEBUG o.s.s.web.context.SecurityContextPersistenceFilter - Cleared SecurityContextHolder to complete request
2025-08-01 09:48:20 [http-nio-9090-exec-3] DEBUG org.springframework.security.web.FilterChainProxy - Securing GET /api/config/10/subscribers?ticketId=36
2025-08-01 09:48:20 [http-nio-9090-exec-3] DEBUG o.s.s.web.context.SecurityContextPersistenceFilter - Set SecurityContextHolder to empty SecurityContext
2025-08-01 09:48:21 [http-nio-9090-exec-3] DEBUG o.s.s.w.access.intercept.FilterSecurityInterceptor - Authorized filter invocation [GET /api/config/10/subscribers?ticketId=36] with attributes [authenticated]
2025-08-01 09:48:21 [http-nio-9090-exec-3] DEBUG org.springframework.security.web.FilterChainProxy - Secured GET /api/config/10/subscribers?ticketId=36
2025-08-01 09:48:21 [http-nio-9090-exec-3] DEBUG c.e.configcenter.interceptor.ContextInterceptor - Set user email from cookie: admin@example.com
2025-08-01 09:48:21 [http-nio-9090-exec-3] DEBUG c.e.configcenter.interceptor.ContextInterceptor - Context set for request: /config-center/api/config/10/subscribers
2025-08-01 09:48:21 [http-nio-9090-exec-3] INFO  c.example.configcenter.controller.ConfigController - 查询订阅机器列表: id=10
2025-08-01 09:48:21 [http-nio-9090-exec-3] ERROR c.example.configcenter.controller.ConfigController - 获取订阅机器列表失败: id=10
java.lang.IllegalArgumentException: JSON转换失败: {"ip":"172.20.0.5","configValue":"{ "id":0, "name":"wlc-test" }
","version":1753958896058,"lastUpdateTime":1753959107190,"status":"Running"}
	at com.example.configcenter.utils.JsonUtil.jsonToObject(JsonUtil.java:37)
	at com.example.configcenter.service.impl.MachineConfigSubscriptionServiceImpl.getSubscribedMachines(MachineConfigSubscriptionServiceImpl.java:77)
	at com.example.configcenter.controller.ConfigController.getSubscribedContainers(ConfigController.java:168)
	at com.example.configcenter.controller.ConfigController$$FastClassBySpringCGLIB$$b3e022a.invoke(<generated>)
	at org.springframework.cglib.proxy.MethodProxy.invoke(MethodProxy.java:218)
	at org.springframework.aop.framework.CglibAopProxy.invokeMethod(CglibAopProxy.java:386)
	at org.springframework.aop.framework.CglibAopProxy.access$000(CglibAopProxy.java:85)
	at org.springframework.aop.framework.CglibAopProxy$DynamicAdvisedInterceptor.intercept(CglibAopProxy.java:704)
	at com.example.configcenter.controller.ConfigController$$EnhancerBySpringCGLIB$$6bab1363.getSubscribedContainers(<generated>)
	at java.base/jdk.internal.reflect.NativeMethodAccessorImpl.invoke0(Native Method)
	at java.base/jdk.internal.reflect.NativeMethodAccessorImpl.invoke(NativeMethodAccessorImpl.java:77)
	at java.base/jdk.internal.reflect.DelegatingMethodAccessorImpl.invoke(DelegatingMethodAccessorImpl.java:43)
	at java.base/java.lang.reflect.Method.invoke(Method.java:569)
	at org.springframework.web.method.support.InvocableHandlerMethod.doInvoke(InvocableHandlerMethod.java:205)
	at org.springframework.web.method.support.InvocableHandlerMethod.invokeForRequest(InvocableHandlerMethod.java:150)
	at org.springframework.web.servlet.mvc.method.annotation.ServletInvocableHandlerMethod.invokeAndHandle(ServletInvocableHandlerMethod.java:117)
	at org.springframework.web.servlet.mvc.method.annotation.RequestMappingHandlerAdapter.invokeHandlerMethod(RequestMappingHandlerAdapter.java:895)
	at org.springframework.web.servlet.mvc.method.annotation.RequestMappingHandlerAdapter.handleInternal(RequestMappingHandlerAdapter.java:808)
	at org.springframework.web.servlet.mvc.method.AbstractHandlerMethodAdapter.handle(AbstractHandlerMethodAdapter.java:87)
	at org.springframework.web.servlet.DispatcherServlet.doDispatch(DispatcherServlet.java:1072)
	at org.springframework.web.servlet.DispatcherServlet.doService(DispatcherServlet.java:965)
	at org.springframework.web.servlet.FrameworkServlet.processRequest(FrameworkServlet.java:1006)
	at org.springframework.web.servlet.FrameworkServlet.doGet(FrameworkServlet.java:898)
	at javax.servlet.http.HttpServlet.service(HttpServlet.java:529)
	at org.springframework.web.servlet.FrameworkServlet.service(FrameworkServlet.java:883)
	at javax.servlet.http.HttpServlet.service(HttpServlet.java:623)
	at org.apache.catalina.core.ApplicationFilterChain.internalDoFilter(ApplicationFilterChain.java:209)
	at org.apache.catalina.core.ApplicationFilterChain.doFilter(ApplicationFilterChain.java:153)
	at org.apache.tomcat.websocket.server.WsFilter.doFilter(WsFilter.java:51)
	at org.apache.catalina.core.ApplicationFilterChain.internalDoFilter(ApplicationFilterChain.java:178)
	at org.apache.catalina.core.ApplicationFilterChain.doFilter(ApplicationFilterChain.java:153)
	at org.springframework.web.filter.OncePerRequestFilter.doFilter(OncePerRequestFilter.java:111)
	at org.apache.catalina.core.ApplicationFilterChain.internalDoFilter(ApplicationFilterChain.java:178)
	at org.apache.catalina.core.ApplicationFilterChain.doFilter(ApplicationFilterChain.java:153)
	at org.springframework.security.web.FilterChainProxy$VirtualFilterChain.doFilter(FilterChainProxy.java:337)
	at org.springframework.security.web.access.intercept.FilterSecurityInterceptor.invoke(FilterSecurityInterceptor.java:115)
	at org.springframework.security.web.access.intercept.FilterSecurityInterceptor.doFilter(FilterSecurityInterceptor.java:81)
	at org.springframework.security.web.FilterChainProxy$VirtualFilterChain.doFilter(FilterChainProxy.java:346)
	at org.springframework.security.web.access.ExceptionTranslationFilter.doFilter(ExceptionTranslationFilter.java:122)
	at org.springframework.security.web.access.ExceptionTranslationFilter.doFilter(ExceptionTranslationFilter.java:116)
	at org.springframework.security.web.FilterChainProxy$VirtualFilterChain.doFilter(FilterChainProxy.java:346)
	at org.springframework.security.web.session.SessionManagementFilter.doFilter(SessionManagementFilter.java:126)
	at org.springframework.security.web.session.SessionManagementFilter.doFilter(SessionManagementFilter.java:81)
	at org.springframework.security.web.FilterChainProxy$VirtualFilterChain.doFilter(FilterChainProxy.java:346)
	at org.springframework.security.web.authentication.AnonymousAuthenticationFilter.doFilter(AnonymousAuthenticationFilter.java:109)
	at org.springframework.security.web.FilterChainProxy$VirtualFilterChain.doFilter(FilterChainProxy.java:346)
	at org.springframework.security.web.servletapi.SecurityContextHolderAwareRequestFilter.doFilter(SecurityContextHolderAwareRequestFilter.java:149)
	at org.springframework.security.web.FilterChainProxy$VirtualFilterChain.doFilter(FilterChainProxy.java:346)
	at org.springframework.security.web.savedrequest.RequestCacheAwareFilter.doFilter(RequestCacheAwareFilter.java:63)
	at org.springframework.security.web.FilterChainProxy$VirtualFilterChain.doFilter(FilterChainProxy.java:346)
	at com.example.configcenter.security.JwtAuthenticationFilter.doFilterInternal(JwtAuthenticationFilter.java:56)
	at org.springframework.web.filter.OncePerRequestFilter.doFilter(OncePerRequestFilter.java:117)
	at org.springframework.security.web.FilterChainProxy$VirtualFilterChain.doFilter(FilterChainProxy.java:346)
	at org.springframework.security.web.authentication.logout.LogoutFilter.doFilter(LogoutFilter.java:103)
	at org.springframework.security.web.authentication.logout.LogoutFilter.doFilter(LogoutFilter.java:89)
	at org.springframework.security.web.FilterChainProxy$VirtualFilterChain.doFilter(FilterChainProxy.java:346)
	at org.springframework.web.filter.CorsFilter.doFilterInternal(CorsFilter.java:91)
	at org.springframework.web.filter.OncePerRequestFilter.doFilter(OncePerRequestFilter.java:117)
	at org.springframework.security.web.FilterChainProxy$VirtualFilterChain.doFilter(FilterChainProxy.java:346)
	at org.springframework.security.web.header.HeaderWriterFilter.doHeadersAfter(HeaderWriterFilter.java:90)
	at org.springframework.security.web.header.HeaderWriterFilter.doFilterInternal(HeaderWriterFilter.java:75)
	at org.springframework.web.filter.OncePerRequestFilter.doFilter(OncePerRequestFilter.java:117)
	at org.springframework.security.web.FilterChainProxy$VirtualFilterChain.doFilter(FilterChainProxy.java:346)
	at org.springframework.security.web.context.SecurityContextPersistenceFilter.doFilter(SecurityContextPersistenceFilter.java:112)
	at org.springframework.security.web.context.SecurityContextPersistenceFilter.doFilter(SecurityContextPersistenceFilter.java:82)
	at org.springframework.security.web.FilterChainProxy$VirtualFilterChain.doFilter(FilterChainProxy.java:346)
	at org.springframework.security.web.context.request.async.WebAsyncManagerIntegrationFilter.doFilterInternal(WebAsyncManagerIntegrationFilter.java:55)
	at org.springframework.web.filter.OncePerRequestFilter.doFilter(OncePerRequestFilter.java:117)
	at org.springframework.security.web.FilterChainProxy$VirtualFilterChain.doFilter(FilterChainProxy.java:346)
	at org.springframework.security.web.session.DisableEncodeUrlFilter.doFilterInternal(DisableEncodeUrlFilter.java:42)
	at org.springframework.web.filter.OncePerRequestFilter.doFilter(OncePerRequestFilter.java:117)
	at org.springframework.security.web.FilterChainProxy$VirtualFilterChain.doFilter(FilterChainProxy.java:346)
	at org.springframework.security.web.FilterChainProxy.doFilterInternal(FilterChainProxy.java:221)
	at org.springframework.security.web.FilterChainProxy.doFilter(FilterChainProxy.java:186)
	at org.springframework.web.filter.DelegatingFilterProxy.invokeDelegate(DelegatingFilterProxy.java:354)
	at org.springframework.web.filter.DelegatingFilterProxy.doFilter(DelegatingFilterProxy.java:267)
	at org.apache.catalina.core.ApplicationFilterChain.internalDoFilter(ApplicationFilterChain.java:178)
	at org.apache.catalina.core.ApplicationFilterChain.doFilter(ApplicationFilterChain.java:153)
	at org.springframework.web.filter.RequestContextFilter.doFilterInternal(RequestContextFilter.java:100)
	at org.springframework.web.filter.OncePerRequestFilter.doFilter(OncePerRequestFilter.java:117)
	at org.apache.catalina.core.ApplicationFilterChain.internalDoFilter(ApplicationFilterChain.java:178)
	at org.apache.catalina.core.ApplicationFilterChain.doFilter(ApplicationFilterChain.java:153)
	at org.springframework.web.filter.FormContentFilter.doFilterInternal(FormContentFilter.java:93)
	at org.springframework.web.filter.OncePerRequestFilter.doFilter(OncePerRequestFilter.java:117)
	at org.apache.catalina.core.ApplicationFilterChain.internalDoFilter(ApplicationFilterChain.java:178)
	at org.apache.catalina.core.ApplicationFilterChain.doFilter(ApplicationFilterChain.java:153)
	at org.springframework.boot.actuate.metrics.web.servlet.WebMvcMetricsFilter.doFilterInternal(WebMvcMetricsFilter.java:96)
	at org.springframework.web.filter.OncePerRequestFilter.doFilter(OncePerRequestFilter.java:117)
	at org.apache.catalina.core.ApplicationFilterChain.internalDoFilter(ApplicationFilterChain.java:178)
	at org.apache.catalina.core.ApplicationFilterChain.doFilter(ApplicationFilterChain.java:153)
	at org.springframework.web.filter.CharacterEncodingFilter.doFilterInternal(CharacterEncodingFilter.java:201)
	at org.springframework.web.filter.OncePerRequestFilter.doFilter(OncePerRequestFilter.java:117)
	at org.apache.catalina.core.ApplicationFilterChain.internalDoFilter(ApplicationFilterChain.java:178)
	at org.apache.catalina.core.ApplicationFilterChain.doFilter(ApplicationFilterChain.java:153)
	at org.apache.catalina.core.StandardWrapperValve.invoke(StandardWrapperValve.java:167)
	at org.apache.catalina.core.StandardContextValve.invoke(StandardContextValve.java:90)
	at org.apache.catalina.authenticator.AuthenticatorBase.invoke(AuthenticatorBase.java:481)
	at org.apache.catalina.core.StandardHostValve.invoke(StandardHostValve.java:130)
	at org.apache.catalina.valves.ErrorReportValve.invoke(ErrorReportValve.java:93)
	at org.apache.catalina.core.StandardEngineValve.invoke(StandardEngineValve.java:74)
	at org.apache.catalina.connector.CoyoteAdapter.service(CoyoteAdapter.java:343)
	at org.apache.coyote.http11.Http11Processor.service(Http11Processor.java:390)
	at org.apache.coyote.AbstractProcessorLight.process(AbstractProcessorLight.java:63)
	at org.apache.coyote.AbstractProtocol$ConnectionHandler.process(AbstractProtocol.java:926)
	at org.apache.tomcat.util.net.NioEndpoint$SocketProcessor.doRun(NioEndpoint.java:1791)
	at org.apache.tomcat.util.net.SocketProcessorBase.run(SocketProcessorBase.java:52)
	at org.apache.tomcat.util.threads.ThreadPoolExecutor.runWorker(ThreadPoolExecutor.java:1191)
	at org.apache.tomcat.util.threads.ThreadPoolExecutor$Worker.run(ThreadPoolExecutor.java:659)
	at org.apache.tomcat.util.threads.TaskThread$WrappingRunnable.run(TaskThread.java:61)
	at java.base/java.lang.Thread.run(Thread.java:840)
Caused by: com.fasterxml.jackson.core.JsonParseException: Unexpected character ('i' (code 105)): was expecting comma to separate Object entries
 at [Source: (String)"{"ip":"172.20.0.5","configValue":"{ "id":0, "name":"wlc-test" }
","version":1753958896058,"lastUpdateTime":1753959107190,"status":"Running"}"; line: 1, column: 39]
	at com.fasterxml.jackson.core.JsonParser._constructError(JsonParser.java:2391)
	at com.fasterxml.jackson.core.base.ParserMinimalBase._reportError(ParserMinimalBase.java:735)
	at com.fasterxml.jackson.core.base.ParserMinimalBase._reportUnexpectedChar(ParserMinimalBase.java:659)
	at com.fasterxml.jackson.core.json.ReaderBasedJsonParser._skipComma(ReaderBasedJsonParser.java:2382)
	at com.fasterxml.jackson.core.json.ReaderBasedJsonParser.nextFieldName(ReaderBasedJsonParser.java:947)
	at com.fasterxml.jackson.databind.deser.BeanDeserializer.vanillaDeserialize(BeanDeserializer.java:321)
	at com.fasterxml.jackson.databind.deser.BeanDeserializer.deserialize(BeanDeserializer.java:177)
	at com.fasterxml.jackson.databind.deser.DefaultDeserializationContext.readRootValue(DefaultDeserializationContext.java:323)
	at com.fasterxml.jackson.databind.ObjectMapper._readMapAndClose(ObjectMapper.java:4674)
	at com.fasterxml.jackson.databind.ObjectMapper.readValue(ObjectMapper.java:3629)
	at com.fasterxml.jackson.databind.ObjectMapper.readValue(ObjectMapper.java:3597)
	at com.example.configcenter.utils.JsonUtil.jsonToObject(JsonUtil.java:35)
	... 109 common frames omitted
2025-08-01 09:48:21 [http-nio-9090-exec-3] DEBUG c.e.configcenter.interceptor.ContextInterceptor - Context cleaned for request: /config-center/api/config/10/subscribers
2025-08-01 09:48:21 [http-nio-9090-exec-3] DEBUG o.s.s.web.context.SecurityContextPersistenceFilter - Cleared SecurityContextHolder to complete request
2025-08-01 09:48:45 [http-nio-9090-exec-4] DEBUG org.springframework.security.web.FilterChainProxy - Securing GET /api/config/10/subscribers?ticketId=36
2025-08-01 09:48:45 [http-nio-9090-exec-4] DEBUG o.s.s.web.context.SecurityContextPersistenceFilter - Set SecurityContextHolder to empty SecurityContext
2025-08-01 09:48:45 [http-nio-9090-exec-4] DEBUG o.s.s.w.access.intercept.FilterSecurityInterceptor - Authorized filter invocation [GET /api/config/10/subscribers?ticketId=36] with attributes [authenticated]
2025-08-01 09:48:45 [http-nio-9090-exec-4] DEBUG org.springframework.security.web.FilterChainProxy - Secured GET /api/config/10/subscribers?ticketId=36
2025-08-01 09:48:45 [http-nio-9090-exec-4] DEBUG c.e.configcenter.interceptor.ContextInterceptor - Set user email from cookie: admin@example.com
2025-08-01 09:48:45 [http-nio-9090-exec-4] DEBUG c.e.configcenter.interceptor.ContextInterceptor - Context set for request: /config-center/api/config/10/subscribers
2025-08-01 09:48:45 [http-nio-9090-exec-4] INFO  c.example.configcenter.controller.ConfigController - 查询订阅机器列表: id=10
2025-08-01 09:48:45 [http-nio-9090-exec-4] ERROR c.example.configcenter.controller.ConfigController - 获取订阅机器列表失败: id=10
java.lang.IllegalArgumentException: JSON转换失败: {"ip":"172.20.0.5","configValue":"{ "id":0, "name":"wlc-test" }
","version":1753958896058,"lastUpdateTime":1753959107190,"status":"Running"}
	at com.example.configcenter.utils.JsonUtil.jsonToObject(JsonUtil.java:37)
	at com.example.configcenter.service.impl.MachineConfigSubscriptionServiceImpl.getSubscribedMachines(MachineConfigSubscriptionServiceImpl.java:77)
	at com.example.configcenter.controller.ConfigController.getSubscribedContainers(ConfigController.java:168)
	at com.example.configcenter.controller.ConfigController$$FastClassBySpringCGLIB$$b3e022a.invoke(<generated>)
	at org.springframework.cglib.proxy.MethodProxy.invoke(MethodProxy.java:218)
	at org.springframework.aop.framework.CglibAopProxy.invokeMethod(CglibAopProxy.java:386)
	at org.springframework.aop.framework.CglibAopProxy.access$000(CglibAopProxy.java:85)
	at org.springframework.aop.framework.CglibAopProxy$DynamicAdvisedInterceptor.intercept(CglibAopProxy.java:704)
	at com.example.configcenter.controller.ConfigController$$EnhancerBySpringCGLIB$$6bab1363.getSubscribedContainers(<generated>)
	at java.base/jdk.internal.reflect.NativeMethodAccessorImpl.invoke0(Native Method)
	at java.base/jdk.internal.reflect.NativeMethodAccessorImpl.invoke(NativeMethodAccessorImpl.java:77)
	at java.base/jdk.internal.reflect.DelegatingMethodAccessorImpl.invoke(DelegatingMethodAccessorImpl.java:43)
	at java.base/java.lang.reflect.Method.invoke(Method.java:569)
	at org.springframework.web.method.support.InvocableHandlerMethod.doInvoke(InvocableHandlerMethod.java:205)
	at org.springframework.web.method.support.InvocableHandlerMethod.invokeForRequest(InvocableHandlerMethod.java:150)
	at org.springframework.web.servlet.mvc.method.annotation.ServletInvocableHandlerMethod.invokeAndHandle(ServletInvocableHandlerMethod.java:117)
	at org.springframework.web.servlet.mvc.method.annotation.RequestMappingHandlerAdapter.invokeHandlerMethod(RequestMappingHandlerAdapter.java:895)
	at org.springframework.web.servlet.mvc.method.annotation.RequestMappingHandlerAdapter.handleInternal(RequestMappingHandlerAdapter.java:808)
	at org.springframework.web.servlet.mvc.method.AbstractHandlerMethodAdapter.handle(AbstractHandlerMethodAdapter.java:87)
	at org.springframework.web.servlet.DispatcherServlet.doDispatch(DispatcherServlet.java:1072)
	at org.springframework.web.servlet.DispatcherServlet.doService(DispatcherServlet.java:965)
	at org.springframework.web.servlet.FrameworkServlet.processRequest(FrameworkServlet.java:1006)
	at org.springframework.web.servlet.FrameworkServlet.doGet(FrameworkServlet.java:898)
	at javax.servlet.http.HttpServlet.service(HttpServlet.java:529)
	at org.springframework.web.servlet.FrameworkServlet.service(FrameworkServlet.java:883)
	at javax.servlet.http.HttpServlet.service(HttpServlet.java:623)
	at org.apache.catalina.core.ApplicationFilterChain.internalDoFilter(ApplicationFilterChain.java:209)
	at org.apache.catalina.core.ApplicationFilterChain.doFilter(ApplicationFilterChain.java:153)
	at org.apache.tomcat.websocket.server.WsFilter.doFilter(WsFilter.java:51)
	at org.apache.catalina.core.ApplicationFilterChain.internalDoFilter(ApplicationFilterChain.java:178)
	at org.apache.catalina.core.ApplicationFilterChain.doFilter(ApplicationFilterChain.java:153)
	at org.springframework.web.filter.OncePerRequestFilter.doFilter(OncePerRequestFilter.java:111)
	at org.apache.catalina.core.ApplicationFilterChain.internalDoFilter(ApplicationFilterChain.java:178)
	at org.apache.catalina.core.ApplicationFilterChain.doFilter(ApplicationFilterChain.java:153)
	at org.springframework.security.web.FilterChainProxy$VirtualFilterChain.doFilter(FilterChainProxy.java:337)
	at org.springframework.security.web.access.intercept.FilterSecurityInterceptor.invoke(FilterSecurityInterceptor.java:115)
	at org.springframework.security.web.access.intercept.FilterSecurityInterceptor.doFilter(FilterSecurityInterceptor.java:81)
	at org.springframework.security.web.FilterChainProxy$VirtualFilterChain.doFilter(FilterChainProxy.java:346)
	at org.springframework.security.web.access.ExceptionTranslationFilter.doFilter(ExceptionTranslationFilter.java:122)
	at org.springframework.security.web.access.ExceptionTranslationFilter.doFilter(ExceptionTranslationFilter.java:116)
	at org.springframework.security.web.FilterChainProxy$VirtualFilterChain.doFilter(FilterChainProxy.java:346)
	at org.springframework.security.web.session.SessionManagementFilter.doFilter(SessionManagementFilter.java:126)
	at org.springframework.security.web.session.SessionManagementFilter.doFilter(SessionManagementFilter.java:81)
	at org.springframework.security.web.FilterChainProxy$VirtualFilterChain.doFilter(FilterChainProxy.java:346)
	at org.springframework.security.web.authentication.AnonymousAuthenticationFilter.doFilter(AnonymousAuthenticationFilter.java:109)
	at org.springframework.security.web.FilterChainProxy$VirtualFilterChain.doFilter(FilterChainProxy.java:346)
	at org.springframework.security.web.servletapi.SecurityContextHolderAwareRequestFilter.doFilter(SecurityContextHolderAwareRequestFilter.java:149)
	at org.springframework.security.web.FilterChainProxy$VirtualFilterChain.doFilter(FilterChainProxy.java:346)
	at org.springframework.security.web.savedrequest.RequestCacheAwareFilter.doFilter(RequestCacheAwareFilter.java:63)
	at org.springframework.security.web.FilterChainProxy$VirtualFilterChain.doFilter(FilterChainProxy.java:346)
	at com.example.configcenter.security.JwtAuthenticationFilter.doFilterInternal(JwtAuthenticationFilter.java:56)
	at org.springframework.web.filter.OncePerRequestFilter.doFilter(OncePerRequestFilter.java:117)
	at org.springframework.security.web.FilterChainProxy$VirtualFilterChain.doFilter(FilterChainProxy.java:346)
	at org.springframework.security.web.authentication.logout.LogoutFilter.doFilter(LogoutFilter.java:103)
	at org.springframework.security.web.authentication.logout.LogoutFilter.doFilter(LogoutFilter.java:89)
	at org.springframework.security.web.FilterChainProxy$VirtualFilterChain.doFilter(FilterChainProxy.java:346)
	at org.springframework.web.filter.CorsFilter.doFilterInternal(CorsFilter.java:91)
	at org.springframework.web.filter.OncePerRequestFilter.doFilter(OncePerRequestFilter.java:117)
	at org.springframework.security.web.FilterChainProxy$VirtualFilterChain.doFilter(FilterChainProxy.java:346)
	at org.springframework.security.web.header.HeaderWriterFilter.doHeadersAfter(HeaderWriterFilter.java:90)
	at org.springframework.security.web.header.HeaderWriterFilter.doFilterInternal(HeaderWriterFilter.java:75)
	at org.springframework.web.filter.OncePerRequestFilter.doFilter(OncePerRequestFilter.java:117)
	at org.springframework.security.web.FilterChainProxy$VirtualFilterChain.doFilter(FilterChainProxy.java:346)
	at org.springframework.security.web.context.SecurityContextPersistenceFilter.doFilter(SecurityContextPersistenceFilter.java:112)
	at org.springframework.security.web.context.SecurityContextPersistenceFilter.doFilter(SecurityContextPersistenceFilter.java:82)
	at org.springframework.security.web.FilterChainProxy$VirtualFilterChain.doFilter(FilterChainProxy.java:346)
	at org.springframework.security.web.context.request.async.WebAsyncManagerIntegrationFilter.doFilterInternal(WebAsyncManagerIntegrationFilter.java:55)
	at org.springframework.web.filter.OncePerRequestFilter.doFilter(OncePerRequestFilter.java:117)
	at org.springframework.security.web.FilterChainProxy$VirtualFilterChain.doFilter(FilterChainProxy.java:346)
	at org.springframework.security.web.session.DisableEncodeUrlFilter.doFilterInternal(DisableEncodeUrlFilter.java:42)
	at org.springframework.web.filter.OncePerRequestFilter.doFilter(OncePerRequestFilter.java:117)
	at org.springframework.security.web.FilterChainProxy$VirtualFilterChain.doFilter(FilterChainProxy.java:346)
	at org.springframework.security.web.FilterChainProxy.doFilterInternal(FilterChainProxy.java:221)
	at org.springframework.security.web.FilterChainProxy.doFilter(FilterChainProxy.java:186)
	at org.springframework.web.filter.DelegatingFilterProxy.invokeDelegate(DelegatingFilterProxy.java:354)
	at org.springframework.web.filter.DelegatingFilterProxy.doFilter(DelegatingFilterProxy.java:267)
	at org.apache.catalina.core.ApplicationFilterChain.internalDoFilter(ApplicationFilterChain.java:178)
	at org.apache.catalina.core.ApplicationFilterChain.doFilter(ApplicationFilterChain.java:153)
	at org.springframework.web.filter.RequestContextFilter.doFilterInternal(RequestContextFilter.java:100)
	at org.springframework.web.filter.OncePerRequestFilter.doFilter(OncePerRequestFilter.java:117)
	at org.apache.catalina.core.ApplicationFilterChain.internalDoFilter(ApplicationFilterChain.java:178)
	at org.apache.catalina.core.ApplicationFilterChain.doFilter(ApplicationFilterChain.java:153)
	at org.springframework.web.filter.FormContentFilter.doFilterInternal(FormContentFilter.java:93)
	at org.springframework.web.filter.OncePerRequestFilter.doFilter(OncePerRequestFilter.java:117)
	at org.apache.catalina.core.ApplicationFilterChain.internalDoFilter(ApplicationFilterChain.java:178)
	at org.apache.catalina.core.ApplicationFilterChain.doFilter(ApplicationFilterChain.java:153)
	at org.springframework.boot.actuate.metrics.web.servlet.WebMvcMetricsFilter.doFilterInternal(WebMvcMetricsFilter.java:96)
	at org.springframework.web.filter.OncePerRequestFilter.doFilter(OncePerRequestFilter.java:117)
	at org.apache.catalina.core.ApplicationFilterChain.internalDoFilter(ApplicationFilterChain.java:178)
	at org.apache.catalina.core.ApplicationFilterChain.doFilter(ApplicationFilterChain.java:153)
	at org.springframework.web.filter.CharacterEncodingFilter.doFilterInternal(CharacterEncodingFilter.java:201)
	at org.springframework.web.filter.OncePerRequestFilter.doFilter(OncePerRequestFilter.java:117)
	at org.apache.catalina.core.ApplicationFilterChain.internalDoFilter(ApplicationFilterChain.java:178)
	at org.apache.catalina.core.ApplicationFilterChain.doFilter(ApplicationFilterChain.java:153)
	at org.apache.catalina.core.StandardWrapperValve.invoke(StandardWrapperValve.java:167)
	at org.apache.catalina.core.StandardContextValve.invoke(StandardContextValve.java:90)
	at org.apache.catalina.authenticator.AuthenticatorBase.invoke(AuthenticatorBase.java:481)
	at org.apache.catalina.core.StandardHostValve.invoke(StandardHostValve.java:130)
	at org.apache.catalina.valves.ErrorReportValve.invoke(ErrorReportValve.java:93)
	at org.apache.catalina.core.StandardEngineValve.invoke(StandardEngineValve.java:74)
	at org.apache.catalina.connector.CoyoteAdapter.service(CoyoteAdapter.java:343)
	at org.apache.coyote.http11.Http11Processor.service(Http11Processor.java:390)
	at org.apache.coyote.AbstractProcessorLight.process(AbstractProcessorLight.java:63)
	at org.apache.coyote.AbstractProtocol$ConnectionHandler.process(AbstractProtocol.java:926)
	at org.apache.tomcat.util.net.NioEndpoint$SocketProcessor.doRun(NioEndpoint.java:1791)
	at org.apache.tomcat.util.net.SocketProcessorBase.run(SocketProcessorBase.java:52)
	at org.apache.tomcat.util.threads.ThreadPoolExecutor.runWorker(ThreadPoolExecutor.java:1191)
	at org.apache.tomcat.util.threads.ThreadPoolExecutor$Worker.run(ThreadPoolExecutor.java:659)
	at org.apache.tomcat.util.threads.TaskThread$WrappingRunnable.run(TaskThread.java:61)
	at java.base/java.lang.Thread.run(Thread.java:840)
Caused by: com.fasterxml.jackson.core.JsonParseException: Unexpected character ('i' (code 105)): was expecting comma to separate Object entries
 at [Source: (String)"{"ip":"172.20.0.5","configValue":"{ "id":0, "name":"wlc-test" }
","version":1753958896058,"lastUpdateTime":1753959107190,"status":"Running"}"; line: 1, column: 39]
	at com.fasterxml.jackson.core.JsonParser._constructError(JsonParser.java:2391)
	at com.fasterxml.jackson.core.base.ParserMinimalBase._reportError(ParserMinimalBase.java:735)
	at com.fasterxml.jackson.core.base.ParserMinimalBase._reportUnexpectedChar(ParserMinimalBase.java:659)
	at com.fasterxml.jackson.core.json.ReaderBasedJsonParser._skipComma(ReaderBasedJsonParser.java:2382)
	at com.fasterxml.jackson.core.json.ReaderBasedJsonParser.nextFieldName(ReaderBasedJsonParser.java:947)
	at com.fasterxml.jackson.databind.deser.BeanDeserializer.vanillaDeserialize(BeanDeserializer.java:321)
	at com.fasterxml.jackson.databind.deser.BeanDeserializer.deserialize(BeanDeserializer.java:177)
	at com.fasterxml.jackson.databind.deser.DefaultDeserializationContext.readRootValue(DefaultDeserializationContext.java:323)
	at com.fasterxml.jackson.databind.ObjectMapper._readMapAndClose(ObjectMapper.java:4674)
	at com.fasterxml.jackson.databind.ObjectMapper.readValue(ObjectMapper.java:3629)
	at com.fasterxml.jackson.databind.ObjectMapper.readValue(ObjectMapper.java:3597)
	at com.example.configcenter.utils.JsonUtil.jsonToObject(JsonUtil.java:35)
	... 109 common frames omitted
2025-08-01 09:48:45 [http-nio-9090-exec-4] DEBUG c.e.configcenter.interceptor.ContextInterceptor - Context cleaned for request: /config-center/api/config/10/subscribers
2025-08-01 09:48:45 [http-nio-9090-exec-4] DEBUG o.s.s.web.context.SecurityContextPersistenceFilter - Cleared SecurityContextHolder to complete request
2025-08-01 09:48:55 [http-nio-9090-exec-5] DEBUG org.springframework.security.web.FilterChainProxy - Securing GET /api/config/10/subscribers?ticketId=36
2025-08-01 09:48:55 [http-nio-9090-exec-5] DEBUG o.s.s.web.context.SecurityContextPersistenceFilter - Set SecurityContextHolder to empty SecurityContext
2025-08-01 09:48:55 [http-nio-9090-exec-5] DEBUG o.s.s.w.access.intercept.FilterSecurityInterceptor - Authorized filter invocation [GET /api/config/10/subscribers?ticketId=36] with attributes [authenticated]
2025-08-01 09:48:55 [http-nio-9090-exec-5] DEBUG org.springframework.security.web.FilterChainProxy - Secured GET /api/config/10/subscribers?ticketId=36
2025-08-01 09:48:55 [http-nio-9090-exec-5] DEBUG c.e.configcenter.interceptor.ContextInterceptor - Set user email from cookie: admin@example.com
2025-08-01 09:48:55 [http-nio-9090-exec-5] DEBUG c.e.configcenter.interceptor.ContextInterceptor - Context set for request: /config-center/api/config/10/subscribers
2025-08-01 09:48:55 [http-nio-9090-exec-5] INFO  c.example.configcenter.controller.ConfigController - 查询订阅机器列表: id=10
2025-08-01 09:49:14 [http-nio-9090-exec-5] ERROR c.example.configcenter.controller.ConfigController - 获取订阅机器列表失败: id=10
java.lang.IllegalArgumentException: JSON转换失败: {"ip":"172.20.0.5","configValue":"{ "id":0, "name":"wlc-test" }
","version":1753958896058,"lastUpdateTime":1753959107190,"status":"Running"}
	at com.example.configcenter.utils.JsonUtil.jsonToObject(JsonUtil.java:37)
	at com.example.configcenter.service.impl.MachineConfigSubscriptionServiceImpl.getSubscribedMachines(MachineConfigSubscriptionServiceImpl.java:77)
	at com.example.configcenter.controller.ConfigController.getSubscribedContainers(ConfigController.java:168)
	at com.example.configcenter.controller.ConfigController$$FastClassBySpringCGLIB$$b3e022a.invoke(<generated>)
	at org.springframework.cglib.proxy.MethodProxy.invoke(MethodProxy.java:218)
	at org.springframework.aop.framework.CglibAopProxy.invokeMethod(CglibAopProxy.java:386)
	at org.springframework.aop.framework.CglibAopProxy.access$000(CglibAopProxy.java:85)
	at org.springframework.aop.framework.CglibAopProxy$DynamicAdvisedInterceptor.intercept(CglibAopProxy.java:704)
	at com.example.configcenter.controller.ConfigController$$EnhancerBySpringCGLIB$$6bab1363.getSubscribedContainers(<generated>)
	at jdk.internal.reflect.GeneratedMethodAccessor114.invoke(Unknown Source)
	at java.base/jdk.internal.reflect.DelegatingMethodAccessorImpl.invoke(DelegatingMethodAccessorImpl.java:43)
	at java.base/java.lang.reflect.Method.invoke(Method.java:569)
	at org.springframework.web.method.support.InvocableHandlerMethod.doInvoke(InvocableHandlerMethod.java:205)
	at org.springframework.web.method.support.InvocableHandlerMethod.invokeForRequest(InvocableHandlerMethod.java:150)
	at org.springframework.web.servlet.mvc.method.annotation.ServletInvocableHandlerMethod.invokeAndHandle(ServletInvocableHandlerMethod.java:117)
	at org.springframework.web.servlet.mvc.method.annotation.RequestMappingHandlerAdapter.invokeHandlerMethod(RequestMappingHandlerAdapter.java:895)
	at org.springframework.web.servlet.mvc.method.annotation.RequestMappingHandlerAdapter.handleInternal(RequestMappingHandlerAdapter.java:808)
	at org.springframework.web.servlet.mvc.method.AbstractHandlerMethodAdapter.handle(AbstractHandlerMethodAdapter.java:87)
	at org.springframework.web.servlet.DispatcherServlet.doDispatch(DispatcherServlet.java:1072)
	at org.springframework.web.servlet.DispatcherServlet.doService(DispatcherServlet.java:965)
	at org.springframework.web.servlet.FrameworkServlet.processRequest(FrameworkServlet.java:1006)
	at org.springframework.web.servlet.FrameworkServlet.doGet(FrameworkServlet.java:898)
	at javax.servlet.http.HttpServlet.service(HttpServlet.java:529)
	at org.springframework.web.servlet.FrameworkServlet.service(FrameworkServlet.java:883)
	at javax.servlet.http.HttpServlet.service(HttpServlet.java:623)
	at org.apache.catalina.core.ApplicationFilterChain.internalDoFilter(ApplicationFilterChain.java:209)
	at org.apache.catalina.core.ApplicationFilterChain.doFilter(ApplicationFilterChain.java:153)
	at org.apache.tomcat.websocket.server.WsFilter.doFilter(WsFilter.java:51)
	at org.apache.catalina.core.ApplicationFilterChain.internalDoFilter(ApplicationFilterChain.java:178)
	at org.apache.catalina.core.ApplicationFilterChain.doFilter(ApplicationFilterChain.java:153)
	at org.springframework.web.filter.OncePerRequestFilter.doFilter(OncePerRequestFilter.java:111)
	at org.apache.catalina.core.ApplicationFilterChain.internalDoFilter(ApplicationFilterChain.java:178)
	at org.apache.catalina.core.ApplicationFilterChain.doFilter(ApplicationFilterChain.java:153)
	at org.springframework.security.web.FilterChainProxy$VirtualFilterChain.doFilter(FilterChainProxy.java:337)
	at org.springframework.security.web.access.intercept.FilterSecurityInterceptor.invoke(FilterSecurityInterceptor.java:115)
	at org.springframework.security.web.access.intercept.FilterSecurityInterceptor.doFilter(FilterSecurityInterceptor.java:81)
	at org.springframework.security.web.FilterChainProxy$VirtualFilterChain.doFilter(FilterChainProxy.java:346)
	at org.springframework.security.web.access.ExceptionTranslationFilter.doFilter(ExceptionTranslationFilter.java:122)
	at org.springframework.security.web.access.ExceptionTranslationFilter.doFilter(ExceptionTranslationFilter.java:116)
	at org.springframework.security.web.FilterChainProxy$VirtualFilterChain.doFilter(FilterChainProxy.java:346)
	at org.springframework.security.web.session.SessionManagementFilter.doFilter(SessionManagementFilter.java:126)
	at org.springframework.security.web.session.SessionManagementFilter.doFilter(SessionManagementFilter.java:81)
	at org.springframework.security.web.FilterChainProxy$VirtualFilterChain.doFilter(FilterChainProxy.java:346)
	at org.springframework.security.web.authentication.AnonymousAuthenticationFilter.doFilter(AnonymousAuthenticationFilter.java:109)
	at org.springframework.security.web.FilterChainProxy$VirtualFilterChain.doFilter(FilterChainProxy.java:346)
	at org.springframework.security.web.servletapi.SecurityContextHolderAwareRequestFilter.doFilter(SecurityContextHolderAwareRequestFilter.java:149)
	at org.springframework.security.web.FilterChainProxy$VirtualFilterChain.doFilter(FilterChainProxy.java:346)
	at org.springframework.security.web.savedrequest.RequestCacheAwareFilter.doFilter(RequestCacheAwareFilter.java:63)
	at org.springframework.security.web.FilterChainProxy$VirtualFilterChain.doFilter(FilterChainProxy.java:346)
	at com.example.configcenter.security.JwtAuthenticationFilter.doFilterInternal(JwtAuthenticationFilter.java:56)
	at org.springframework.web.filter.OncePerRequestFilter.doFilter(OncePerRequestFilter.java:117)
	at org.springframework.security.web.FilterChainProxy$VirtualFilterChain.doFilter(FilterChainProxy.java:346)
	at org.springframework.security.web.authentication.logout.LogoutFilter.doFilter(LogoutFilter.java:103)
	at org.springframework.security.web.authentication.logout.LogoutFilter.doFilter(LogoutFilter.java:89)
	at org.springframework.security.web.FilterChainProxy$VirtualFilterChain.doFilter(FilterChainProxy.java:346)
	at org.springframework.web.filter.CorsFilter.doFilterInternal(CorsFilter.java:91)
	at org.springframework.web.filter.OncePerRequestFilter.doFilter(OncePerRequestFilter.java:117)
	at org.springframework.security.web.FilterChainProxy$VirtualFilterChain.doFilter(FilterChainProxy.java:346)
	at org.springframework.security.web.header.HeaderWriterFilter.doHeadersAfter(HeaderWriterFilter.java:90)
	at org.springframework.security.web.header.HeaderWriterFilter.doFilterInternal(HeaderWriterFilter.java:75)
	at org.springframework.web.filter.OncePerRequestFilter.doFilter(OncePerRequestFilter.java:117)
	at org.springframework.security.web.FilterChainProxy$VirtualFilterChain.doFilter(FilterChainProxy.java:346)
	at org.springframework.security.web.context.SecurityContextPersistenceFilter.doFilter(SecurityContextPersistenceFilter.java:112)
	at org.springframework.security.web.context.SecurityContextPersistenceFilter.doFilter(SecurityContextPersistenceFilter.java:82)
	at org.springframework.security.web.FilterChainProxy$VirtualFilterChain.doFilter(FilterChainProxy.java:346)
	at org.springframework.security.web.context.request.async.WebAsyncManagerIntegrationFilter.doFilterInternal(WebAsyncManagerIntegrationFilter.java:55)
	at org.springframework.web.filter.OncePerRequestFilter.doFilter(OncePerRequestFilter.java:117)
	at org.springframework.security.web.FilterChainProxy$VirtualFilterChain.doFilter(FilterChainProxy.java:346)
	at org.springframework.security.web.session.DisableEncodeUrlFilter.doFilterInternal(DisableEncodeUrlFilter.java:42)
	at org.springframework.web.filter.OncePerRequestFilter.doFilter(OncePerRequestFilter.java:117)
	at org.springframework.security.web.FilterChainProxy$VirtualFilterChain.doFilter(FilterChainProxy.java:346)
	at org.springframework.security.web.FilterChainProxy.doFilterInternal(FilterChainProxy.java:221)
	at org.springframework.security.web.FilterChainProxy.doFilter(FilterChainProxy.java:186)
	at org.springframework.web.filter.DelegatingFilterProxy.invokeDelegate(DelegatingFilterProxy.java:354)
	at org.springframework.web.filter.DelegatingFilterProxy.doFilter(DelegatingFilterProxy.java:267)
	at org.apache.catalina.core.ApplicationFilterChain.internalDoFilter(ApplicationFilterChain.java:178)
	at org.apache.catalina.core.ApplicationFilterChain.doFilter(ApplicationFilterChain.java:153)
	at org.springframework.web.filter.RequestContextFilter.doFilterInternal(RequestContextFilter.java:100)
	at org.springframework.web.filter.OncePerRequestFilter.doFilter(OncePerRequestFilter.java:117)
	at org.apache.catalina.core.ApplicationFilterChain.internalDoFilter(ApplicationFilterChain.java:178)
	at org.apache.catalina.core.ApplicationFilterChain.doFilter(ApplicationFilterChain.java:153)
	at org.springframework.web.filter.FormContentFilter.doFilterInternal(FormContentFilter.java:93)
	at org.springframework.web.filter.OncePerRequestFilter.doFilter(OncePerRequestFilter.java:117)
	at org.apache.catalina.core.ApplicationFilterChain.internalDoFilter(ApplicationFilterChain.java:178)
	at org.apache.catalina.core.ApplicationFilterChain.doFilter(ApplicationFilterChain.java:153)
	at org.springframework.boot.actuate.metrics.web.servlet.WebMvcMetricsFilter.doFilterInternal(WebMvcMetricsFilter.java:96)
	at org.springframework.web.filter.OncePerRequestFilter.doFilter(OncePerRequestFilter.java:117)
	at org.apache.catalina.core.ApplicationFilterChain.internalDoFilter(ApplicationFilterChain.java:178)
	at org.apache.catalina.core.ApplicationFilterChain.doFilter(ApplicationFilterChain.java:153)
	at org.springframework.web.filter.CharacterEncodingFilter.doFilterInternal(CharacterEncodingFilter.java:201)
	at org.springframework.web.filter.OncePerRequestFilter.doFilter(OncePerRequestFilter.java:117)
	at org.apache.catalina.core.ApplicationFilterChain.internalDoFilter(ApplicationFilterChain.java:178)
	at org.apache.catalina.core.ApplicationFilterChain.doFilter(ApplicationFilterChain.java:153)
	at org.apache.catalina.core.StandardWrapperValve.invoke(StandardWrapperValve.java:167)
	at org.apache.catalina.core.StandardContextValve.invoke(StandardContextValve.java:90)
	at org.apache.catalina.authenticator.AuthenticatorBase.invoke(AuthenticatorBase.java:481)
	at org.apache.catalina.core.StandardHostValve.invoke(StandardHostValve.java:130)
	at org.apache.catalina.valves.ErrorReportValve.invoke(ErrorReportValve.java:93)
	at org.apache.catalina.core.StandardEngineValve.invoke(StandardEngineValve.java:74)
	at org.apache.catalina.connector.CoyoteAdapter.service(CoyoteAdapter.java:343)
	at org.apache.coyote.http11.Http11Processor.service(Http11Processor.java:390)
	at org.apache.coyote.AbstractProcessorLight.process(AbstractProcessorLight.java:63)
	at org.apache.coyote.AbstractProtocol$ConnectionHandler.process(AbstractProtocol.java:926)
	at org.apache.tomcat.util.net.NioEndpoint$SocketProcessor.doRun(NioEndpoint.java:1791)
	at org.apache.tomcat.util.net.SocketProcessorBase.run(SocketProcessorBase.java:52)
	at org.apache.tomcat.util.threads.ThreadPoolExecutor.runWorker(ThreadPoolExecutor.java:1191)
	at org.apache.tomcat.util.threads.ThreadPoolExecutor$Worker.run(ThreadPoolExecutor.java:659)
	at org.apache.tomcat.util.threads.TaskThread$WrappingRunnable.run(TaskThread.java:61)
	at java.base/java.lang.Thread.run(Thread.java:840)
Caused by: com.fasterxml.jackson.core.JsonParseException: Unexpected character ('i' (code 105)): was expecting comma to separate Object entries
 at [Source: (String)"{"ip":"172.20.0.5","configValue":"{ "id":0, "name":"wlc-test" }
","version":1753958896058,"lastUpdateTime":1753959107190,"status":"Running"}"; line: 1, column: 39]
	at com.fasterxml.jackson.core.JsonParser._constructError(JsonParser.java:2391)
	at com.fasterxml.jackson.core.base.ParserMinimalBase._reportError(ParserMinimalBase.java:735)
	at com.fasterxml.jackson.core.base.ParserMinimalBase._reportUnexpectedChar(ParserMinimalBase.java:659)
	at com.fasterxml.jackson.core.json.ReaderBasedJsonParser._skipComma(ReaderBasedJsonParser.java:2382)
	at com.fasterxml.jackson.core.json.ReaderBasedJsonParser.nextFieldName(ReaderBasedJsonParser.java:947)
	at com.fasterxml.jackson.databind.deser.BeanDeserializer.vanillaDeserialize(BeanDeserializer.java:321)
	at com.fasterxml.jackson.databind.deser.BeanDeserializer.deserialize(BeanDeserializer.java:177)
	at com.fasterxml.jackson.databind.deser.DefaultDeserializationContext.readRootValue(DefaultDeserializationContext.java:323)
	at com.fasterxml.jackson.databind.ObjectMapper._readMapAndClose(ObjectMapper.java:4674)
	at com.fasterxml.jackson.databind.ObjectMapper.readValue(ObjectMapper.java:3629)
	at com.fasterxml.jackson.databind.ObjectMapper.readValue(ObjectMapper.java:3597)
	at com.example.configcenter.utils.JsonUtil.jsonToObject(JsonUtil.java:35)
	... 108 common frames omitted
2025-08-01 09:49:14 [http-nio-9090-exec-5] DEBUG c.e.configcenter.interceptor.ContextInterceptor - Context cleaned for request: /config-center/api/config/10/subscribers
2025-08-01 09:49:14 [http-nio-9090-exec-5] DEBUG o.s.s.web.context.SecurityContextPersistenceFilter - Cleared SecurityContextHolder to complete request
2025-08-01 09:52:41 [http-nio-9090-exec-6] DEBUG org.springframework.security.web.FilterChainProxy - Securing GET /api/config/10/subscribers?ticketId=36
2025-08-01 09:52:41 [http-nio-9090-exec-6] DEBUG o.s.s.web.context.SecurityContextPersistenceFilter - Set SecurityContextHolder to empty SecurityContext
2025-08-01 09:52:41 [http-nio-9090-exec-6] DEBUG o.s.s.w.access.intercept.FilterSecurityInterceptor - Authorized filter invocation [GET /api/config/10/subscribers?ticketId=36] with attributes [authenticated]
2025-08-01 09:52:41 [http-nio-9090-exec-6] DEBUG org.springframework.security.web.FilterChainProxy - Secured GET /api/config/10/subscribers?ticketId=36
2025-08-01 09:52:41 [http-nio-9090-exec-6] DEBUG c.e.configcenter.interceptor.ContextInterceptor - Set user email from cookie: admin@example.com
2025-08-01 09:52:41 [http-nio-9090-exec-6] DEBUG c.e.configcenter.interceptor.ContextInterceptor - Context set for request: /config-center/api/config/10/subscribers
2025-08-01 09:52:41 [http-nio-9090-exec-6] INFO  c.example.configcenter.controller.ConfigController - 查询订阅机器列表: id=10
2025-08-01 09:52:45 [http-nio-9090-exec-6] ERROR c.example.configcenter.controller.ConfigController - 获取订阅机器列表失败: id=10
java.lang.IllegalArgumentException: JSON转换失败: {"ip":"172.20.0.5","configValue":"{ "id":0, "name":"wlc-test" }
","version":1753958896058,"lastUpdateTime":1753959107190,"status":"Running"}
	at com.example.configcenter.utils.JsonUtil.jsonToObject(JsonUtil.java:37)
	at com.example.configcenter.service.impl.MachineConfigSubscriptionServiceImpl.getSubscribedMachines(MachineConfigSubscriptionServiceImpl.java:77)
	at com.example.configcenter.controller.ConfigController.getSubscribedContainers(ConfigController.java:168)
	at com.example.configcenter.controller.ConfigController$$FastClassBySpringCGLIB$$b3e022a.invoke(<generated>)
	at org.springframework.cglib.proxy.MethodProxy.invoke(MethodProxy.java:218)
	at org.springframework.aop.framework.CglibAopProxy.invokeMethod(CglibAopProxy.java:386)
	at org.springframework.aop.framework.CglibAopProxy.access$000(CglibAopProxy.java:85)
	at org.springframework.aop.framework.CglibAopProxy$DynamicAdvisedInterceptor.intercept(CglibAopProxy.java:704)
	at com.example.configcenter.controller.ConfigController$$EnhancerBySpringCGLIB$$6bab1363.getSubscribedContainers(<generated>)
	at jdk.internal.reflect.GeneratedMethodAccessor114.invoke(Unknown Source)
	at java.base/jdk.internal.reflect.DelegatingMethodAccessorImpl.invoke(DelegatingMethodAccessorImpl.java:43)
	at java.base/java.lang.reflect.Method.invoke(Method.java:569)
	at org.springframework.web.method.support.InvocableHandlerMethod.doInvoke(InvocableHandlerMethod.java:205)
	at org.springframework.web.method.support.InvocableHandlerMethod.invokeForRequest(InvocableHandlerMethod.java:150)
	at org.springframework.web.servlet.mvc.method.annotation.ServletInvocableHandlerMethod.invokeAndHandle(ServletInvocableHandlerMethod.java:117)
	at org.springframework.web.servlet.mvc.method.annotation.RequestMappingHandlerAdapter.invokeHandlerMethod(RequestMappingHandlerAdapter.java:895)
	at org.springframework.web.servlet.mvc.method.annotation.RequestMappingHandlerAdapter.handleInternal(RequestMappingHandlerAdapter.java:808)
	at org.springframework.web.servlet.mvc.method.AbstractHandlerMethodAdapter.handle(AbstractHandlerMethodAdapter.java:87)
	at org.springframework.web.servlet.DispatcherServlet.doDispatch(DispatcherServlet.java:1072)
	at org.springframework.web.servlet.DispatcherServlet.doService(DispatcherServlet.java:965)
	at org.springframework.web.servlet.FrameworkServlet.processRequest(FrameworkServlet.java:1006)
	at org.springframework.web.servlet.FrameworkServlet.doGet(FrameworkServlet.java:898)
	at javax.servlet.http.HttpServlet.service(HttpServlet.java:529)
	at org.springframework.web.servlet.FrameworkServlet.service(FrameworkServlet.java:883)
	at javax.servlet.http.HttpServlet.service(HttpServlet.java:623)
	at org.apache.catalina.core.ApplicationFilterChain.internalDoFilter(ApplicationFilterChain.java:209)
	at org.apache.catalina.core.ApplicationFilterChain.doFilter(ApplicationFilterChain.java:153)
	at org.apache.tomcat.websocket.server.WsFilter.doFilter(WsFilter.java:51)
	at org.apache.catalina.core.ApplicationFilterChain.internalDoFilter(ApplicationFilterChain.java:178)
	at org.apache.catalina.core.ApplicationFilterChain.doFilter(ApplicationFilterChain.java:153)
	at org.springframework.web.filter.OncePerRequestFilter.doFilter(OncePerRequestFilter.java:111)
	at org.apache.catalina.core.ApplicationFilterChain.internalDoFilter(ApplicationFilterChain.java:178)
	at org.apache.catalina.core.ApplicationFilterChain.doFilter(ApplicationFilterChain.java:153)
	at org.springframework.security.web.FilterChainProxy$VirtualFilterChain.doFilter(FilterChainProxy.java:337)
	at org.springframework.security.web.access.intercept.FilterSecurityInterceptor.invoke(FilterSecurityInterceptor.java:115)
	at org.springframework.security.web.access.intercept.FilterSecurityInterceptor.doFilter(FilterSecurityInterceptor.java:81)
	at org.springframework.security.web.FilterChainProxy$VirtualFilterChain.doFilter(FilterChainProxy.java:346)
	at org.springframework.security.web.access.ExceptionTranslationFilter.doFilter(ExceptionTranslationFilter.java:122)
	at org.springframework.security.web.access.ExceptionTranslationFilter.doFilter(ExceptionTranslationFilter.java:116)
	at org.springframework.security.web.FilterChainProxy$VirtualFilterChain.doFilter(FilterChainProxy.java:346)
	at org.springframework.security.web.session.SessionManagementFilter.doFilter(SessionManagementFilter.java:126)
	at org.springframework.security.web.session.SessionManagementFilter.doFilter(SessionManagementFilter.java:81)
	at org.springframework.security.web.FilterChainProxy$VirtualFilterChain.doFilter(FilterChainProxy.java:346)
	at org.springframework.security.web.authentication.AnonymousAuthenticationFilter.doFilter(AnonymousAuthenticationFilter.java:109)
	at org.springframework.security.web.FilterChainProxy$VirtualFilterChain.doFilter(FilterChainProxy.java:346)
	at org.springframework.security.web.servletapi.SecurityContextHolderAwareRequestFilter.doFilter(SecurityContextHolderAwareRequestFilter.java:149)
	at org.springframework.security.web.FilterChainProxy$VirtualFilterChain.doFilter(FilterChainProxy.java:346)
	at org.springframework.security.web.savedrequest.RequestCacheAwareFilter.doFilter(RequestCacheAwareFilter.java:63)
	at org.springframework.security.web.FilterChainProxy$VirtualFilterChain.doFilter(FilterChainProxy.java:346)
	at com.example.configcenter.security.JwtAuthenticationFilter.doFilterInternal(JwtAuthenticationFilter.java:56)
	at org.springframework.web.filter.OncePerRequestFilter.doFilter(OncePerRequestFilter.java:117)
	at org.springframework.security.web.FilterChainProxy$VirtualFilterChain.doFilter(FilterChainProxy.java:346)
	at org.springframework.security.web.authentication.logout.LogoutFilter.doFilter(LogoutFilter.java:103)
	at org.springframework.security.web.authentication.logout.LogoutFilter.doFilter(LogoutFilter.java:89)
	at org.springframework.security.web.FilterChainProxy$VirtualFilterChain.doFilter(FilterChainProxy.java:346)
	at org.springframework.web.filter.CorsFilter.doFilterInternal(CorsFilter.java:91)
	at org.springframework.web.filter.OncePerRequestFilter.doFilter(OncePerRequestFilter.java:117)
	at org.springframework.security.web.FilterChainProxy$VirtualFilterChain.doFilter(FilterChainProxy.java:346)
	at org.springframework.security.web.header.HeaderWriterFilter.doHeadersAfter(HeaderWriterFilter.java:90)
	at org.springframework.security.web.header.HeaderWriterFilter.doFilterInternal(HeaderWriterFilter.java:75)
	at org.springframework.web.filter.OncePerRequestFilter.doFilter(OncePerRequestFilter.java:117)
	at org.springframework.security.web.FilterChainProxy$VirtualFilterChain.doFilter(FilterChainProxy.java:346)
	at org.springframework.security.web.context.SecurityContextPersistenceFilter.doFilter(SecurityContextPersistenceFilter.java:112)
	at org.springframework.security.web.context.SecurityContextPersistenceFilter.doFilter(SecurityContextPersistenceFilter.java:82)
	at org.springframework.security.web.FilterChainProxy$VirtualFilterChain.doFilter(FilterChainProxy.java:346)
	at org.springframework.security.web.context.request.async.WebAsyncManagerIntegrationFilter.doFilterInternal(WebAsyncManagerIntegrationFilter.java:55)
	at org.springframework.web.filter.OncePerRequestFilter.doFilter(OncePerRequestFilter.java:117)
	at org.springframework.security.web.FilterChainProxy$VirtualFilterChain.doFilter(FilterChainProxy.java:346)
	at org.springframework.security.web.session.DisableEncodeUrlFilter.doFilterInternal(DisableEncodeUrlFilter.java:42)
	at org.springframework.web.filter.OncePerRequestFilter.doFilter(OncePerRequestFilter.java:117)
	at org.springframework.security.web.FilterChainProxy$VirtualFilterChain.doFilter(FilterChainProxy.java:346)
	at org.springframework.security.web.FilterChainProxy.doFilterInternal(FilterChainProxy.java:221)
	at org.springframework.security.web.FilterChainProxy.doFilter(FilterChainProxy.java:186)
	at org.springframework.web.filter.DelegatingFilterProxy.invokeDelegate(DelegatingFilterProxy.java:354)
	at org.springframework.web.filter.DelegatingFilterProxy.doFilter(DelegatingFilterProxy.java:267)
	at org.apache.catalina.core.ApplicationFilterChain.internalDoFilter(ApplicationFilterChain.java:178)
	at org.apache.catalina.core.ApplicationFilterChain.doFilter(ApplicationFilterChain.java:153)
	at org.springframework.web.filter.RequestContextFilter.doFilterInternal(RequestContextFilter.java:100)
	at org.springframework.web.filter.OncePerRequestFilter.doFilter(OncePerRequestFilter.java:117)
	at org.apache.catalina.core.ApplicationFilterChain.internalDoFilter(ApplicationFilterChain.java:178)
	at org.apache.catalina.core.ApplicationFilterChain.doFilter(ApplicationFilterChain.java:153)
	at org.springframework.web.filter.FormContentFilter.doFilterInternal(FormContentFilter.java:93)
	at org.springframework.web.filter.OncePerRequestFilter.doFilter(OncePerRequestFilter.java:117)
	at org.apache.catalina.core.ApplicationFilterChain.internalDoFilter(ApplicationFilterChain.java:178)
	at org.apache.catalina.core.ApplicationFilterChain.doFilter(ApplicationFilterChain.java:153)
	at org.springframework.boot.actuate.metrics.web.servlet.WebMvcMetricsFilter.doFilterInternal(WebMvcMetricsFilter.java:96)
	at org.springframework.web.filter.OncePerRequestFilter.doFilter(OncePerRequestFilter.java:117)
	at org.apache.catalina.core.ApplicationFilterChain.internalDoFilter(ApplicationFilterChain.java:178)
	at org.apache.catalina.core.ApplicationFilterChain.doFilter(ApplicationFilterChain.java:153)
	at org.springframework.web.filter.CharacterEncodingFilter.doFilterInternal(CharacterEncodingFilter.java:201)
	at org.springframework.web.filter.OncePerRequestFilter.doFilter(OncePerRequestFilter.java:117)
	at org.apache.catalina.core.ApplicationFilterChain.internalDoFilter(ApplicationFilterChain.java:178)
	at org.apache.catalina.core.ApplicationFilterChain.doFilter(ApplicationFilterChain.java:153)
	at org.apache.catalina.core.StandardWrapperValve.invoke(StandardWrapperValve.java:167)
	at org.apache.catalina.core.StandardContextValve.invoke(StandardContextValve.java:90)
	at org.apache.catalina.authenticator.AuthenticatorBase.invoke(AuthenticatorBase.java:481)
	at org.apache.catalina.core.StandardHostValve.invoke(StandardHostValve.java:130)
	at org.apache.catalina.valves.ErrorReportValve.invoke(ErrorReportValve.java:93)
	at org.apache.catalina.core.StandardEngineValve.invoke(StandardEngineValve.java:74)
	at org.apache.catalina.connector.CoyoteAdapter.service(CoyoteAdapter.java:343)
	at org.apache.coyote.http11.Http11Processor.service(Http11Processor.java:390)
	at org.apache.coyote.AbstractProcessorLight.process(AbstractProcessorLight.java:63)
	at org.apache.coyote.AbstractProtocol$ConnectionHandler.process(AbstractProtocol.java:926)
	at org.apache.tomcat.util.net.NioEndpoint$SocketProcessor.doRun(NioEndpoint.java:1791)
	at org.apache.tomcat.util.net.SocketProcessorBase.run(SocketProcessorBase.java:52)
	at org.apache.tomcat.util.threads.ThreadPoolExecutor.runWorker(ThreadPoolExecutor.java:1191)
	at org.apache.tomcat.util.threads.ThreadPoolExecutor$Worker.run(ThreadPoolExecutor.java:659)
	at org.apache.tomcat.util.threads.TaskThread$WrappingRunnable.run(TaskThread.java:61)
	at java.base/java.lang.Thread.run(Thread.java:840)
Caused by: com.fasterxml.jackson.core.JsonParseException: Unexpected character ('i' (code 105)): was expecting comma to separate Object entries
 at [Source: (String)"{"ip":"172.20.0.5","configValue":"{ "id":0, "name":"wlc-test" }
","version":1753958896058,"lastUpdateTime":1753959107190,"status":"Running"}"; line: 1, column: 39]
	at com.fasterxml.jackson.core.JsonParser._constructError(JsonParser.java:2391)
	at com.fasterxml.jackson.core.base.ParserMinimalBase._reportError(ParserMinimalBase.java:735)
	at com.fasterxml.jackson.core.base.ParserMinimalBase._reportUnexpectedChar(ParserMinimalBase.java:659)
	at com.fasterxml.jackson.core.json.ReaderBasedJsonParser._skipComma(ReaderBasedJsonParser.java:2382)
	at com.fasterxml.jackson.core.json.ReaderBasedJsonParser.nextFieldName(ReaderBasedJsonParser.java:947)
	at com.fasterxml.jackson.databind.deser.BeanDeserializer.vanillaDeserialize(BeanDeserializer.java:321)
	at com.fasterxml.jackson.databind.deser.BeanDeserializer.deserialize(BeanDeserializer.java:177)
	at com.fasterxml.jackson.databind.deser.DefaultDeserializationContext.readRootValue(DefaultDeserializationContext.java:323)
	at com.fasterxml.jackson.databind.ObjectMapper._readMapAndClose(ObjectMapper.java:4674)
	at com.fasterxml.jackson.databind.ObjectMapper.readValue(ObjectMapper.java:3629)
	at com.fasterxml.jackson.databind.ObjectMapper.readValue(ObjectMapper.java:3597)
	at com.example.configcenter.utils.JsonUtil.jsonToObject(JsonUtil.java:35)
	... 108 common frames omitted
2025-08-01 09:52:45 [http-nio-9090-exec-6] DEBUG c.e.configcenter.interceptor.ContextInterceptor - Context cleaned for request: /config-center/api/config/10/subscribers
2025-08-01 09:52:45 [http-nio-9090-exec-6] DEBUG o.s.s.web.context.SecurityContextPersistenceFilter - Cleared SecurityContextHolder to complete request
2025-08-01 09:58:34 [http-nio-9090-exec-7] DEBUG org.springframework.security.web.FilterChainProxy - Securing GET /api/config/10/subscribers?ticketId=36
2025-08-01 09:58:34 [http-nio-9090-exec-7] DEBUG o.s.s.web.context.SecurityContextPersistenceFilter - Set SecurityContextHolder to empty SecurityContext
2025-08-01 09:58:35 [http-nio-9090-exec-7] DEBUG o.s.s.w.access.intercept.FilterSecurityInterceptor - Authorized filter invocation [GET /api/config/10/subscribers?ticketId=36] with attributes [authenticated]
2025-08-01 09:58:35 [http-nio-9090-exec-7] DEBUG org.springframework.security.web.FilterChainProxy - Secured GET /api/config/10/subscribers?ticketId=36
2025-08-01 09:58:35 [http-nio-9090-exec-7] DEBUG c.e.configcenter.interceptor.ContextInterceptor - Set user email from cookie: admin@example.com
2025-08-01 09:58:35 [http-nio-9090-exec-7] DEBUG c.e.configcenter.interceptor.ContextInterceptor - Context set for request: /config-center/api/config/10/subscribers
2025-08-01 09:58:35 [http-nio-9090-exec-7] INFO  c.example.configcenter.controller.ConfigController - 查询订阅机器列表: id=10
2025-08-01 09:58:42 [http-nio-9090-exec-7] DEBUG c.e.configcenter.interceptor.ContextInterceptor - Context cleaned for request: /config-center/api/config/10/subscribers
2025-08-01 09:58:42 [http-nio-9090-exec-7] DEBUG o.s.s.web.context.SecurityContextPersistenceFilter - Cleared SecurityContextHolder to complete request
2025-08-01 10:00:43 [http-nio-9090-exec-8] DEBUG org.springframework.security.web.FilterChainProxy - Securing GET /api/config/10/subscribers?ticketId=36
2025-08-01 10:00:43 [http-nio-9090-exec-8] DEBUG o.s.s.web.context.SecurityContextPersistenceFilter - Set SecurityContextHolder to empty SecurityContext
2025-08-01 10:00:43 [http-nio-9090-exec-8] DEBUG o.s.s.w.access.intercept.FilterSecurityInterceptor - Authorized filter invocation [GET /api/config/10/subscribers?ticketId=36] with attributes [authenticated]
2025-08-01 10:00:43 [http-nio-9090-exec-8] DEBUG org.springframework.security.web.FilterChainProxy - Secured GET /api/config/10/subscribers?ticketId=36
2025-08-01 10:00:43 [http-nio-9090-exec-8] DEBUG c.e.configcenter.interceptor.ContextInterceptor - Set user email from cookie: admin@example.com
2025-08-01 10:00:43 [http-nio-9090-exec-8] DEBUG c.e.configcenter.interceptor.ContextInterceptor - Context set for request: /config-center/api/config/10/subscribers
2025-08-01 10:00:43 [http-nio-9090-exec-8] INFO  c.example.configcenter.controller.ConfigController - 查询订阅机器列表: id=10
2025-08-01 10:00:45 [http-nio-9090-exec-8] DEBUG c.e.configcenter.interceptor.ContextInterceptor - Context cleaned for request: /config-center/api/config/10/subscribers
2025-08-01 10:00:45 [http-nio-9090-exec-8] DEBUG o.s.s.web.context.SecurityContextPersistenceFilter - Cleared SecurityContextHolder to complete request
2025-08-01 10:00:51 [http-nio-9090-exec-9] DEBUG org.springframework.security.web.FilterChainProxy - Securing POST /api/config/10/publish
2025-08-01 10:00:51 [http-nio-9090-exec-9] DEBUG o.s.s.web.context.SecurityContextPersistenceFilter - Set SecurityContextHolder to empty SecurityContext
2025-08-01 10:00:51 [http-nio-9090-exec-9] DEBUG o.s.s.w.access.intercept.FilterSecurityInterceptor - Authorized filter invocation [POST /api/config/10/publish] with attributes [authenticated]
2025-08-01 10:00:51 [http-nio-9090-exec-9] DEBUG org.springframework.security.web.FilterChainProxy - Secured POST /api/config/10/publish
2025-08-01 10:00:51 [http-nio-9090-exec-9] DEBUG c.e.configcenter.interceptor.ContextInterceptor - Set user email from cookie: admin@example.com
2025-08-01 10:00:51 [http-nio-9090-exec-9] DEBUG c.e.configcenter.interceptor.ContextInterceptor - Context set for request: /config-center/api/config/10/publish
2025-08-01 10:00:51 [http-nio-9090-exec-9] DEBUG o.s.s.a.i.aopalliance.MethodSecurityInterceptor - Authorized ReflectiveMethodInvocation: public com.example.configcenter.common.ApiResult com.example.configcenter.controller.ConfigController.publishConfig(java.lang.Long,com.example.configcenter.dto.PublishDto,javax.servlet.http.HttpServletRequest); target is of class [com.example.configcenter.controller.ConfigController] with attributes [[authorize: 'hasRole('ADMIN') or hasRole('DEVELOPER')', filter: 'null', filterTarget: 'null']]
2025-08-01 10:00:51 [http-nio-9090-exec-9] INFO  c.e.configcenter.service.impl.ZooKeeperServiceImpl - 创建临时节点成功: path=/notifications/redis/port/192.168.1.3, data={"configKey":"port","newValue":"{ "id":0, "name":"wlc" }","version":1753959956002}
2025-08-01 10:00:51 [http-nio-9090-exec-9] DEBUG c.e.c.s.impl.MachineConfigSubscriptionServiceImpl - 配置变更通知已发送: instanceId=192.168.1.3, configKey=port
2025-08-01 10:00:51 [http-nio-9090-exec-9] INFO  c.e.c.s.impl.MachineConfigSubscriptionServiceImpl - 配置变更通知完成: configKey=port, 订阅机器数=1, 通知成功数=1
2025-08-01 10:00:51 [http-nio-9090-exec-9] INFO  c.e.configcenter.service.impl.ConfigServiceImpl - 配置发布成功: port, 通知机器数: 1
2025-08-01 10:00:52 [http-nio-9090-exec-9] DEBUG c.e.configcenter.interceptor.ContextInterceptor - Context cleaned for request: /config-center/api/config/10/publish
2025-08-01 10:00:52 [http-nio-9090-exec-9] DEBUG o.s.s.web.context.SecurityContextPersistenceFilter - Cleared SecurityContextHolder to complete request
2025-08-01 10:00:52 [http-nio-9090-exec-10] DEBUG org.springframework.security.web.FilterChainProxy - Securing GET /api/ticket/36
2025-08-01 10:00:52 [http-nio-9090-exec-10] DEBUG o.s.s.web.context.SecurityContextPersistenceFilter - Set SecurityContextHolder to empty SecurityContext
2025-08-01 10:00:52 [http-nio-9090-exec-10] DEBUG o.s.s.w.access.intercept.FilterSecurityInterceptor - Authorized filter invocation [GET /api/ticket/36] with attributes [authenticated]
2025-08-01 10:00:52 [http-nio-9090-exec-10] DEBUG org.springframework.security.web.FilterChainProxy - Secured GET /api/ticket/36
2025-08-01 10:00:52 [http-nio-9090-exec-10] DEBUG c.e.configcenter.interceptor.ContextInterceptor - Set user email from cookie: admin@example.com
2025-08-01 10:00:52 [http-nio-9090-exec-10] DEBUG c.e.configcenter.interceptor.ContextInterceptor - Context set for request: /config-center/api/ticket/36
2025-08-01 10:00:52 [http-nio-9090-exec-10] INFO  c.example.configcenter.controller.TicketController - 获取工单详情，ID：36
2025-08-01 10:00:52 [http-nio-9090-exec-10] DEBUG c.e.configcenter.interceptor.ContextInterceptor - Context cleaned for request: /config-center/api/ticket/36
2025-08-01 10:00:52 [http-nio-9090-exec-10] DEBUG o.s.s.web.context.SecurityContextPersistenceFilter - Cleared SecurityContextHolder to complete request
2025-08-01 10:01:06 [http-nio-9090-exec-1] DEBUG org.springframework.security.web.FilterChainProxy - Securing GET /api/config/10/subscribers?ticketId=36
2025-08-01 10:01:06 [http-nio-9090-exec-1] DEBUG o.s.s.web.context.SecurityContextPersistenceFilter - Set SecurityContextHolder to empty SecurityContext
2025-08-01 10:01:06 [http-nio-9090-exec-1] DEBUG o.s.s.w.access.intercept.FilterSecurityInterceptor - Authorized filter invocation [GET /api/config/10/subscribers?ticketId=36] with attributes [authenticated]
2025-08-01 10:01:06 [http-nio-9090-exec-1] DEBUG org.springframework.security.web.FilterChainProxy - Secured GET /api/config/10/subscribers?ticketId=36
2025-08-01 10:01:06 [http-nio-9090-exec-1] DEBUG c.e.configcenter.interceptor.ContextInterceptor - Set user email from cookie: admin@example.com
2025-08-01 10:01:06 [http-nio-9090-exec-1] DEBUG c.e.configcenter.interceptor.ContextInterceptor - Context set for request: /config-center/api/config/10/subscribers
2025-08-01 10:01:06 [http-nio-9090-exec-1] INFO  c.example.configcenter.controller.ConfigController - 查询订阅机器列表: id=10
2025-08-01 10:01:06 [http-nio-9090-exec-1] DEBUG c.e.configcenter.interceptor.ContextInterceptor - Context cleaned for request: /config-center/api/config/10/subscribers
2025-08-01 10:01:06 [http-nio-9090-exec-1] DEBUG o.s.s.web.context.SecurityContextPersistenceFilter - Cleared SecurityContextHolder to complete request
2025-08-01 10:01:09 [http-nio-9090-exec-2] DEBUG org.springframework.security.web.FilterChainProxy - Securing POST /api/config/10/publish
2025-08-01 10:01:09 [http-nio-9090-exec-2] DEBUG o.s.s.web.context.SecurityContextPersistenceFilter - Set SecurityContextHolder to empty SecurityContext
2025-08-01 10:01:09 [http-nio-9090-exec-2] DEBUG o.s.s.w.access.intercept.FilterSecurityInterceptor - Authorized filter invocation [POST /api/config/10/publish] with attributes [authenticated]
2025-08-01 10:01:09 [http-nio-9090-exec-2] DEBUG org.springframework.security.web.FilterChainProxy - Secured POST /api/config/10/publish
2025-08-01 10:01:09 [http-nio-9090-exec-2] DEBUG c.e.configcenter.interceptor.ContextInterceptor - Set user email from cookie: admin@example.com
2025-08-01 10:01:09 [http-nio-9090-exec-2] DEBUG c.e.configcenter.interceptor.ContextInterceptor - Context set for request: /config-center/api/config/10/publish
2025-08-01 10:01:09 [http-nio-9090-exec-2] DEBUG o.s.s.a.i.aopalliance.MethodSecurityInterceptor - Authorized ReflectiveMethodInvocation: public com.example.configcenter.common.ApiResult com.example.configcenter.controller.ConfigController.publishConfig(java.lang.Long,com.example.configcenter.dto.PublishDto,javax.servlet.http.HttpServletRequest); target is of class [com.example.configcenter.controller.ConfigController] with attributes [[authorize: 'hasRole('ADMIN') or hasRole('DEVELOPER')', filter: 'null', filterTarget: 'null']]
2025-08-01 10:01:09 [http-nio-9090-exec-2] INFO  c.e.configcenter.service.impl.ZooKeeperServiceImpl - 创建临时节点成功: path=/notifications/redis/port/192.168.1.2, data={"configKey":"port","newValue":"{ "id":0, "name":"wlc" }","version":1753959956002}
2025-08-01 10:01:09 [http-nio-9090-exec-2] DEBUG c.e.c.s.impl.MachineConfigSubscriptionServiceImpl - 配置变更通知已发送: instanceId=192.168.1.2, configKey=port
2025-08-01 10:01:09 [http-nio-9090-exec-2] INFO  c.e.c.s.impl.MachineConfigSubscriptionServiceImpl - 配置变更通知完成: configKey=port, 订阅机器数=1, 通知成功数=1
2025-08-01 10:01:09 [http-nio-9090-exec-2] INFO  c.e.configcenter.service.impl.ConfigServiceImpl - 配置发布成功: port, 通知机器数: 1
2025-08-01 10:01:09 [http-nio-9090-exec-2] DEBUG c.e.configcenter.interceptor.ContextInterceptor - Context cleaned for request: /config-center/api/config/10/publish
2025-08-01 10:01:09 [http-nio-9090-exec-2] DEBUG o.s.s.web.context.SecurityContextPersistenceFilter - Cleared SecurityContextHolder to complete request
2025-08-01 10:01:09 [http-nio-9090-exec-3] DEBUG org.springframework.security.web.FilterChainProxy - Securing GET /api/ticket/36
2025-08-01 10:01:09 [http-nio-9090-exec-3] DEBUG o.s.s.web.context.SecurityContextPersistenceFilter - Set SecurityContextHolder to empty SecurityContext
2025-08-01 10:01:09 [http-nio-9090-exec-3] DEBUG o.s.s.w.access.intercept.FilterSecurityInterceptor - Authorized filter invocation [GET /api/ticket/36] with attributes [authenticated]
2025-08-01 10:01:09 [http-nio-9090-exec-3] DEBUG org.springframework.security.web.FilterChainProxy - Secured GET /api/ticket/36
2025-08-01 10:01:09 [http-nio-9090-exec-3] DEBUG c.e.configcenter.interceptor.ContextInterceptor - Set user email from cookie: admin@example.com
2025-08-01 10:01:09 [http-nio-9090-exec-3] DEBUG c.e.configcenter.interceptor.ContextInterceptor - Context set for request: /config-center/api/ticket/36
2025-08-01 10:01:09 [http-nio-9090-exec-3] INFO  c.example.configcenter.controller.TicketController - 获取工单详情，ID：36
2025-08-01 10:01:09 [http-nio-9090-exec-3] DEBUG c.e.configcenter.interceptor.ContextInterceptor - Context cleaned for request: /config-center/api/ticket/36
2025-08-01 10:01:09 [http-nio-9090-exec-3] DEBUG o.s.s.web.context.SecurityContextPersistenceFilter - Cleared SecurityContextHolder to complete request
2025-08-01 10:01:17 [http-nio-9090-exec-4] DEBUG org.springframework.security.web.FilterChainProxy - Securing GET /api/config/10/subscribers?ticketId=36
2025-08-01 10:01:17 [http-nio-9090-exec-4] DEBUG o.s.s.web.context.SecurityContextPersistenceFilter - Set SecurityContextHolder to empty SecurityContext
2025-08-01 10:01:17 [http-nio-9090-exec-4] DEBUG o.s.s.w.access.intercept.FilterSecurityInterceptor - Authorized filter invocation [GET /api/config/10/subscribers?ticketId=36] with attributes [authenticated]
2025-08-01 10:01:17 [http-nio-9090-exec-4] DEBUG org.springframework.security.web.FilterChainProxy - Secured GET /api/config/10/subscribers?ticketId=36
2025-08-01 10:01:17 [http-nio-9090-exec-4] DEBUG c.e.configcenter.interceptor.ContextInterceptor - Set user email from cookie: admin@example.com
2025-08-01 10:01:17 [http-nio-9090-exec-4] DEBUG c.e.configcenter.interceptor.ContextInterceptor - Context set for request: /config-center/api/config/10/subscribers
2025-08-01 10:01:17 [http-nio-9090-exec-4] INFO  c.example.configcenter.controller.ConfigController - 查询订阅机器列表: id=10
2025-08-01 10:01:17 [http-nio-9090-exec-4] DEBUG c.e.configcenter.interceptor.ContextInterceptor - Context cleaned for request: /config-center/api/config/10/subscribers
2025-08-01 10:01:17 [http-nio-9090-exec-4] DEBUG o.s.s.web.context.SecurityContextPersistenceFilter - Cleared SecurityContextHolder to complete request
2025-08-01 10:01:20 [http-nio-9090-exec-5] DEBUG org.springframework.security.web.FilterChainProxy - Securing GET /api/config/10/subscribers?ticketId=36
2025-08-01 10:01:20 [http-nio-9090-exec-5] DEBUG o.s.s.web.context.SecurityContextPersistenceFilter - Set SecurityContextHolder to empty SecurityContext
2025-08-01 10:01:20 [http-nio-9090-exec-5] DEBUG o.s.s.w.access.intercept.FilterSecurityInterceptor - Authorized filter invocation [GET /api/config/10/subscribers?ticketId=36] with attributes [authenticated]
2025-08-01 10:01:20 [http-nio-9090-exec-5] DEBUG org.springframework.security.web.FilterChainProxy - Secured GET /api/config/10/subscribers?ticketId=36
2025-08-01 10:01:20 [http-nio-9090-exec-5] DEBUG c.e.configcenter.interceptor.ContextInterceptor - Set user email from cookie: admin@example.com
2025-08-01 10:01:20 [http-nio-9090-exec-5] DEBUG c.e.configcenter.interceptor.ContextInterceptor - Context set for request: /config-center/api/config/10/subscribers
2025-08-01 10:01:20 [http-nio-9090-exec-5] INFO  c.example.configcenter.controller.ConfigController - 查询订阅机器列表: id=10
2025-08-01 10:01:20 [http-nio-9090-exec-5] DEBUG c.e.configcenter.interceptor.ContextInterceptor - Context cleaned for request: /config-center/api/config/10/subscribers
2025-08-01 10:01:20 [http-nio-9090-exec-5] DEBUG o.s.s.web.context.SecurityContextPersistenceFilter - Cleared SecurityContextHolder to complete request
2025-08-01 10:01:33 [http-nio-9090-exec-6] DEBUG org.springframework.security.web.FilterChainProxy - Securing POST /api/config/10/publish
2025-08-01 10:01:33 [http-nio-9090-exec-6] DEBUG o.s.s.web.context.SecurityContextPersistenceFilter - Set SecurityContextHolder to empty SecurityContext
2025-08-01 10:01:33 [http-nio-9090-exec-6] DEBUG o.s.s.w.access.intercept.FilterSecurityInterceptor - Authorized filter invocation [POST /api/config/10/publish] with attributes [authenticated]
2025-08-01 10:01:33 [http-nio-9090-exec-6] DEBUG org.springframework.security.web.FilterChainProxy - Secured POST /api/config/10/publish
2025-08-01 10:01:33 [http-nio-9090-exec-6] DEBUG c.e.configcenter.interceptor.ContextInterceptor - Set user email from cookie: admin@example.com
2025-08-01 10:01:33 [http-nio-9090-exec-6] DEBUG c.e.configcenter.interceptor.ContextInterceptor - Context set for request: /config-center/api/config/10/publish
2025-08-01 10:01:33 [http-nio-9090-exec-6] DEBUG o.s.s.a.i.aopalliance.MethodSecurityInterceptor - Authorized ReflectiveMethodInvocation: public com.example.configcenter.common.ApiResult com.example.configcenter.controller.ConfigController.publishConfig(java.lang.Long,com.example.configcenter.dto.PublishDto,javax.servlet.http.HttpServletRequest); target is of class [com.example.configcenter.controller.ConfigController] with attributes [[authorize: 'hasRole('ADMIN') or hasRole('DEVELOPER')', filter: 'null', filterTarget: 'null']]
2025-08-01 10:01:33 [http-nio-9090-exec-6] INFO  c.e.configcenter.service.impl.ZooKeeperServiceImpl - 创建临时节点成功: path=/notifications/redis/port/192.168.1.4, data={"configKey":"port","newValue":"{ "id":0, "name":"wlc" }","version":1753959956002}
2025-08-01 10:01:33 [http-nio-9090-exec-6] DEBUG c.e.c.s.impl.MachineConfigSubscriptionServiceImpl - 配置变更通知已发送: instanceId=192.168.1.4, configKey=port
2025-08-01 10:01:33 [http-nio-9090-exec-6] INFO  c.e.c.s.impl.MachineConfigSubscriptionServiceImpl - 配置变更通知完成: configKey=port, 订阅机器数=1, 通知成功数=1
2025-08-01 10:01:33 [http-nio-9090-exec-6] INFO  c.e.configcenter.service.impl.ConfigServiceImpl - 配置发布成功: port, 通知机器数: 1
2025-08-01 10:01:33 [http-nio-9090-exec-6] DEBUG c.e.configcenter.interceptor.ContextInterceptor - Context cleaned for request: /config-center/api/config/10/publish
2025-08-01 10:01:33 [http-nio-9090-exec-6] DEBUG o.s.s.web.context.SecurityContextPersistenceFilter - Cleared SecurityContextHolder to complete request
2025-08-01 10:01:33 [http-nio-9090-exec-7] DEBUG org.springframework.security.web.FilterChainProxy - Securing GET /api/ticket/36
2025-08-01 10:01:33 [http-nio-9090-exec-7] DEBUG o.s.s.web.context.SecurityContextPersistenceFilter - Set SecurityContextHolder to empty SecurityContext
2025-08-01 10:01:33 [http-nio-9090-exec-7] DEBUG o.s.s.w.access.intercept.FilterSecurityInterceptor - Authorized filter invocation [GET /api/ticket/36] with attributes [authenticated]
2025-08-01 10:01:33 [http-nio-9090-exec-7] DEBUG org.springframework.security.web.FilterChainProxy - Secured GET /api/ticket/36
2025-08-01 10:01:33 [http-nio-9090-exec-7] DEBUG c.e.configcenter.interceptor.ContextInterceptor - Set user email from cookie: admin@example.com
2025-08-01 10:01:33 [http-nio-9090-exec-7] DEBUG c.e.configcenter.interceptor.ContextInterceptor - Context set for request: /config-center/api/ticket/36
2025-08-01 10:01:33 [http-nio-9090-exec-7] INFO  c.example.configcenter.controller.TicketController - 获取工单详情，ID：36
2025-08-01 10:01:33 [http-nio-9090-exec-7] DEBUG c.e.configcenter.interceptor.ContextInterceptor - Context cleaned for request: /config-center/api/ticket/36
2025-08-01 10:01:33 [http-nio-9090-exec-7] DEBUG o.s.s.web.context.SecurityContextPersistenceFilter - Cleared SecurityContextHolder to complete request
